May 22 08:42:55 INFO --- logging initialized ---
May 22 08:42:55 DDEBUG timer: config: 5 ms
May 22 08:42:55 DEBUG cachedir: /var/tmp/dnf-alunux-mjoo87n9
May 22 08:42:55 DEBUG Loaded plugins: generate_completion_cache, playground, copr, protected_packages, Query, config-manager, download, debuginfo-install, reposync, builddep, needs-restarting, noroot
May 22 08:42:55 DEBUG DNF version: 1.1.8
May 22 08:42:55 DDEBUG Command: dnf --installroot=/home/alunux/MyLabora/nekorpm/installroot/f23-x86_64 --releasever=geany --setopt keepcache=1 download --resolve geany 
May 22 08:42:55 DDEBUG Installroot: /home/alunux/MyLabora/nekorpm/installroot/f23-x86_64
May 22 08:42:55 DDEBUG Releasever: geany
May 22 08:42:55 DDEBUG Base command: download
May 22 08:42:55 DDEBUG Extra commands: ['--resolve', 'geany']
May 22 08:42:56 DDEBUG repo: downloading from remote: rpmfusion-nonfree, _Handle: metalnk: None, mlist: http://mirrors.rpmfusion.org/mirrorlist?repo=nonfree-fedora-geany&arch=x86_64, urls [].
May 22 08:43:00 DEBUG Cannot download 'http://mirrors.rpmfusion.org/mirrorlist?repo=nonfree-fedora-geany&arch=x86_64': Cannot prepare internal mirrorlist: No URLs in mirrorlist.
May 22 08:43:00 DDEBUG repo: downloading from remote: alunux-zeal, _Handle: metalnk: None, mlist: None, urls ['https://copr-be.cloud.fedoraproject.org/results/alunux/zeal/fedora-geany-x86_64/'].
May 22 08:43:02 DEBUG Cannot download 'https://copr-be.cloud.fedoraproject.org/results/alunux/zeal/fedora-geany-x86_64/': Cannot download repomd.xml: Cannot download repodata/repomd.xml: All mirrors were tried.
May 22 08:43:02 DDEBUG repo: downloading from remote: rpmfusion-free-updates-testing, _Handle: metalnk: None, mlist: http://mirrors.rpmfusion.org/mirrorlist?repo=free-fedora-updates-testing-geany&arch=x86_64, urls [].
May 22 08:43:07 DEBUG Cannot download 'http://mirrors.rpmfusion.org/mirrorlist?repo=free-fedora-updates-testing-geany&arch=x86_64': Cannot prepare internal mirrorlist: No URLs in mirrorlist.
May 22 08:43:07 DDEBUG repo: downloading from remote: virtualbox, _Handle: metalnk: None, mlist: None, urls ['http://download.virtualbox.org/virtualbox/rpm/fedora/geany/x86_64'].
May 22 08:43:09 DEBUG Cannot download 'http://download.virtualbox.org/virtualbox/rpm/fedora/geany/x86_64': Cannot download repomd.xml: Cannot download repodata/repomd.xml: All mirrors were tried.
May 22 08:43:09 DDEBUG repo: downloading from remote: churchyard-chromium-russianfedora, _Handle: metalnk: None, mlist: None, urls ['https://copr-be.cloud.fedoraproject.org/results/churchyard/chromium-russianfedora/fedora-geany-x86_64/'].
May 22 08:43:10 DEBUG Cannot download 'https://copr-be.cloud.fedoraproject.org/results/churchyard/chromium-russianfedora/fedora-geany-x86_64/': Cannot download repomd.xml: Cannot download repodata/repomd.xml: All mirrors were tried.
May 22 08:43:10 DDEBUG repo: downloading from remote: dyskette-gnome-320-x86_64, _Handle: metalnk: None, mlist: None, urls ['https://copr-be.cloud.fedoraproject.org/results/dyskette/gnome-320/fedora-23-x86_64/'].
May 22 08:43:15 DEBUG not found deltainfo for: Copr repo for gnome-320 owned by dyskette x86_64
May 22 08:43:15 DEBUG not found updateinfo for: Copr repo for gnome-320 owned by dyskette x86_64
May 22 08:43:15 DDEBUG repo: downloading from remote: nodesource, _Handle: metalnk: None, mlist: None, urls ['https://rpm.nodesource.com/pub_4.x/fc/23/x86_64'].
May 22 08:43:20 DEBUG not found deltainfo for: Node.js Packages for Fedora Core 23 - x86_64
May 22 08:43:20 DEBUG not found updateinfo for: Node.js Packages for Fedora Core 23 - x86_64
May 22 08:43:20 DDEBUG repo: downloading from remote: rommon-telegram, _Handle: metalnk: None, mlist: None, urls ['https://copr-be.cloud.fedoraproject.org/results/rommon/telegram/fedora-geany-x86_64/'].
May 22 08:43:21 DEBUG Cannot download 'https://copr-be.cloud.fedoraproject.org/results/rommon/telegram/fedora-geany-x86_64/': Cannot download repomd.xml: Cannot download repodata/repomd.xml: All mirrors were tried.
May 22 08:43:21 DDEBUG repo: downloading from remote: alunux-electric-vlsi, _Handle: metalnk: None, mlist: None, urls ['https://copr-be.cloud.fedoraproject.org/results/alunux/electric-vlsi/fedora-geany-x86_64/'].
May 22 08:43:22 DEBUG Cannot download 'https://copr-be.cloud.fedoraproject.org/results/alunux/electric-vlsi/fedora-geany-x86_64/': Cannot download repomd.xml: Cannot download repodata/repomd.xml: All mirrors were tried.
May 22 08:43:22 DDEBUG repo: downloading from remote: updates, _Handle: metalnk: https://mirrors.fedoraproject.org/metalink?repo=updates-released-fgeany&arch=x86_64, mlist: None, urls [].
May 22 08:43:24 DEBUG Cannot download 'https://mirrors.fedoraproject.org/metalink?repo=updates-released-fgeany&arch=x86_64': Cannot prepare internal mirrorlist: file "repomd.xml" was not found in metalink.
May 22 08:43:24 DDEBUG Cleaning up.
May 22 08:43:24 SUBDEBUG 
Traceback (most recent call last):
  File "/usr/lib/python3.4/site-packages/dnf/repo.py", line 226, in perform
    return super(_Handle, self).perform(result)
  File "/usr/lib64/python3.4/site-packages/librepo/__init__.py", line 1425, in perform
    _librepo.Handle.perform(self, result)
librepo.LibrepoException: (15, 'Cannot prepare internal mirrorlist: file "repomd.xml" was not found in metalink', 'Bad mirrorlist or metalink file')

During handling of the above exception, another exception occurred:

Traceback (most recent call last):
  File "/usr/lib/python3.4/site-packages/dnf/repo.py", line 835, in load
    self._handle_load(handle)
  File "/usr/lib/python3.4/site-packages/dnf/repo.py", line 590, in _handle_load
    return self._handle_load_core(handle)
  File "/usr/lib/python3.4/site-packages/dnf/repo.py", line 603, in _handle_load_core
    result = handle.perform()
  File "/usr/lib/python3.4/site-packages/dnf/repo.py", line 230, in perform
    raise _DetailedLibrepoError(exc, source)
dnf.repo._DetailedLibrepoError

During handling of the above exception, another exception occurred:

Traceback (most recent call last):
  File "/usr/lib/python3.4/site-packages/dnf/cli/main.py", line 60, in main
    return _main(base, args)
  File "/usr/lib/python3.4/site-packages/dnf/cli/main.py", line 112, in _main
    cli.run()
  File "/usr/lib/python3.4/site-packages/dnf/cli/cli.py", line 1095, in run
    self._process_demands()
  File "/usr/lib/python3.4/site-packages/dnf/cli/cli.py", line 810, in _process_demands
    load_available_repos=lar)
  File "/usr/lib/python3.4/site-packages/dnf/base.py", line 243, in fill_sack
    self._add_repo_to_sack(r)
  File "/usr/lib/python3.4/site-packages/dnf/base.py", line 109, in _add_repo_to_sack
    repo.load()
  File "/usr/lib/python3.4/site-packages/dnf/repo.py", line 847, in load
    raise dnf.exceptions.RepoError(msg)
dnf.exceptions.RepoError: Failed to synchronize cache for repo 'updates'
May 22 08:43:25 CRITICAL Error: Failed to synchronize cache for repo 'updates'
May 22 08:44:57 INFO --- logging initialized ---
May 22 08:44:57 DDEBUG timer: config: 5 ms
May 22 08:44:57 DEBUG cachedir: /var/tmp/dnf-alunux-mjoo87n9
May 22 08:44:57 DEBUG Loaded plugins: copr, playground, builddep, reposync, Query, needs-restarting, generate_completion_cache, debuginfo-install, noroot, config-manager, download, protected_packages
May 22 08:44:57 DEBUG DNF version: 1.1.8
May 22 08:44:57 DDEBUG Command: dnf --installroot=/home/alunux/MyLabora/nekorpm/installroot/f23-x86_64 --releasever=geany --setopt keepcache=1 download --resolve geany 
May 22 08:44:57 DDEBUG Installroot: /home/alunux/MyLabora/nekorpm/installroot/f23-x86_64
May 22 08:44:57 DDEBUG Releasever: geany
May 22 08:44:57 DDEBUG Base command: download
May 22 08:44:57 DDEBUG Extra commands: ['--resolve', 'geany']
May 22 08:44:57 DEBUG repo: using cache for: dyskette-gnome-320-x86_64
May 22 08:44:57 DEBUG not found deltainfo for: Copr repo for gnome-320 owned by dyskette x86_64
May 22 08:44:57 DEBUG not found updateinfo for: Copr repo for gnome-320 owned by dyskette x86_64
May 22 08:44:57 DDEBUG repo: downloading from remote: alunux-zeal, _Handle: metalnk: None, mlist: None, urls ['https://copr-be.cloud.fedoraproject.org/results/alunux/zeal/fedora-geany-x86_64/'].
May 22 08:45:19 DEBUG Cannot download 'https://copr-be.cloud.fedoraproject.org/results/alunux/zeal/fedora-geany-x86_64/': Cannot download repomd.xml: Cannot download repodata/repomd.xml: All mirrors were tried.
May 22 08:45:19 DDEBUG repo: downloading from remote: virtualbox, _Handle: metalnk: None, mlist: None, urls ['http://download.virtualbox.org/virtualbox/rpm/fedora/geany/x86_64'].
May 22 08:45:21 DEBUG Cannot download 'http://download.virtualbox.org/virtualbox/rpm/fedora/geany/x86_64': Cannot download repomd.xml: Cannot download repodata/repomd.xml: All mirrors were tried.
May 22 08:45:21 DDEBUG repo: downloading from remote: rpmfusion-nonfree, _Handle: metalnk: None, mlist: http://mirrors.rpmfusion.org/mirrorlist?repo=nonfree-fedora-geany&arch=x86_64, urls [].
May 22 08:45:31 DEBUG Cannot download 'http://mirrors.rpmfusion.org/mirrorlist?repo=nonfree-fedora-geany&arch=x86_64': Cannot prepare internal mirrorlist: No URLs in mirrorlist.
May 22 08:45:31 DDEBUG repo: downloading from remote: infinality-ultimate-noarch, _Handle: metalnk: None, mlist: None, urls ['http://rpm.danielrenninghoff.com/infinality/fedora/geany/noarch/'].
May 22 08:45:32 DEBUG Cannot download 'http://rpm.danielrenninghoff.com/infinality/fedora/geany/noarch/': Cannot download repomd.xml: Cannot download repodata/repomd.xml: All mirrors were tried.
May 22 08:45:32 DDEBUG repo: downloading from remote: heikoada-terminix, _Handle: metalnk: None, mlist: None, urls ['https://copr-be.cloud.fedoraproject.org/results/heikoada/terminix/fedora-geany-x86_64/'].
May 22 08:45:34 DEBUG Cannot download 'https://copr-be.cloud.fedoraproject.org/results/heikoada/terminix/fedora-geany-x86_64/': Cannot download repomd.xml: Cannot download repodata/repomd.xml: All mirrors were tried.
May 22 08:45:34 DDEBUG repo: downloading from remote: dyskette-gnome-320-i386, _Handle: metalnk: None, mlist: None, urls ['https://copr-be.cloud.fedoraproject.org/results/dyskette/gnome-320/fedora-23-i386/'].
May 22 08:45:50 DEBUG not found deltainfo for: Copr repo for gnome-320 owned by dyskette i386
May 22 08:45:50 DEBUG not found updateinfo for: Copr repo for gnome-320 owned by dyskette i386
May 22 08:45:50 DDEBUG repo: downloading from remote: rpmfusion-free, _Handle: metalnk: None, mlist: http://mirrors.rpmfusion.org/mirrorlist?repo=free-fedora-geany&arch=x86_64, urls [].
May 22 08:45:55 DEBUG Cannot download 'http://mirrors.rpmfusion.org/mirrorlist?repo=free-fedora-geany&arch=x86_64': Cannot prepare internal mirrorlist: No URLs in mirrorlist.
May 22 08:45:55 DDEBUG repo: downloading from remote: insync, _Handle: metalnk: None, mlist: None, urls ['http://yum.insynchq.com/fedora/geany/'].
May 22 08:45:56 DEBUG Cannot download 'http://yum.insynchq.com/fedora/geany/': Cannot download repomd.xml: Cannot download repodata/repomd.xml: All mirrors were tried.
May 22 08:45:56 DDEBUG repo: downloading from remote: infinality-ultimate, _Handle: metalnk: None, mlist: None, urls ['http://rpm.danielrenninghoff.com/infinality/fedora/geany/x86_64/'].
May 22 08:45:57 DEBUG Cannot download 'http://rpm.danielrenninghoff.com/infinality/fedora/geany/x86_64/': Cannot download repomd.xml: Cannot download repodata/repomd.xml: All mirrors were tried.
May 22 08:45:57 DDEBUG repo: downloading from remote: rpmfusion-nonfree-updates-testing, _Handle: metalnk: None, mlist: http://mirrors.rpmfusion.org/mirrorlist?repo=nonfree-fedora-updates-testing-geany&arch=x86_64, urls [].
May 22 08:46:01 DEBUG Cannot download 'http://mirrors.rpmfusion.org/mirrorlist?repo=nonfree-fedora-updates-testing-geany&arch=x86_64': Cannot prepare internal mirrorlist: No URLs in mirrorlist.
May 22 08:46:01 DEBUG repo: using cache for: nodesource
May 22 08:46:01 DEBUG not found deltainfo for: Node.js Packages for Fedora Core 23 - x86_64
May 22 08:46:01 DEBUG not found updateinfo for: Node.js Packages for Fedora Core 23 - x86_64
May 22 08:46:01 DDEBUG repo: downloading from remote: rommon-telegram, _Handle: metalnk: None, mlist: None, urls ['https://copr-be.cloud.fedoraproject.org/results/rommon/telegram/fedora-geany-x86_64/'].
May 22 08:46:02 DEBUG Cannot download 'https://copr-be.cloud.fedoraproject.org/results/rommon/telegram/fedora-geany-x86_64/': Cannot download repomd.xml: Cannot download repodata/repomd.xml: All mirrors were tried.
May 22 08:46:02 DDEBUG repo: downloading from remote: rpmfusion-free-updates-testing, _Handle: metalnk: None, mlist: http://mirrors.rpmfusion.org/mirrorlist?repo=free-fedora-updates-testing-geany&arch=x86_64, urls [].
May 22 08:46:03 DEBUG Cannot download 'http://mirrors.rpmfusion.org/mirrorlist?repo=free-fedora-updates-testing-geany&arch=x86_64': Cannot prepare internal mirrorlist: No URLs in mirrorlist.
May 22 08:46:03 DDEBUG repo: downloading from remote: churchyard-chromium-russianfedora, _Handle: metalnk: None, mlist: None, urls ['https://copr-be.cloud.fedoraproject.org/results/churchyard/chromium-russianfedora/fedora-geany-x86_64/'].
May 22 08:46:05 DEBUG Cannot download 'https://copr-be.cloud.fedoraproject.org/results/churchyard/chromium-russianfedora/fedora-geany-x86_64/': Cannot download repomd.xml: Cannot download repodata/repomd.xml: All mirrors were tried.
May 22 08:46:05 DDEBUG repo: downloading from remote: fedora, _Handle: metalnk: https://mirrors.fedoraproject.org/metalink?repo=fedora-geany&arch=x86_64, mlist: None, urls [].
May 22 08:46:07 DEBUG Cannot download 'https://mirrors.fedoraproject.org/metalink?repo=fedora-geany&arch=x86_64': Cannot prepare internal mirrorlist: file "repomd.xml" was not found in metalink.
May 22 08:46:07 DDEBUG Cleaning up.
May 22 08:46:07 SUBDEBUG 
Traceback (most recent call last):
  File "/usr/lib/python3.4/site-packages/dnf/repo.py", line 226, in perform
    return super(_Handle, self).perform(result)
  File "/usr/lib64/python3.4/site-packages/librepo/__init__.py", line 1425, in perform
    _librepo.Handle.perform(self, result)
librepo.LibrepoException: (15, 'Cannot prepare internal mirrorlist: file "repomd.xml" was not found in metalink', 'Bad mirrorlist or metalink file')

During handling of the above exception, another exception occurred:

Traceback (most recent call last):
  File "/usr/lib/python3.4/site-packages/dnf/repo.py", line 835, in load
    self._handle_load(handle)
  File "/usr/lib/python3.4/site-packages/dnf/repo.py", line 590, in _handle_load
    return self._handle_load_core(handle)
  File "/usr/lib/python3.4/site-packages/dnf/repo.py", line 603, in _handle_load_core
    result = handle.perform()
  File "/usr/lib/python3.4/site-packages/dnf/repo.py", line 230, in perform
    raise _DetailedLibrepoError(exc, source)
dnf.repo._DetailedLibrepoError

During handling of the above exception, another exception occurred:

Traceback (most recent call last):
  File "/usr/lib/python3.4/site-packages/dnf/cli/main.py", line 60, in main
    return _main(base, args)
  File "/usr/lib/python3.4/site-packages/dnf/cli/main.py", line 112, in _main
    cli.run()
  File "/usr/lib/python3.4/site-packages/dnf/cli/cli.py", line 1095, in run
    self._process_demands()
  File "/usr/lib/python3.4/site-packages/dnf/cli/cli.py", line 810, in _process_demands
    load_available_repos=lar)
  File "/usr/lib/python3.4/site-packages/dnf/base.py", line 243, in fill_sack
    self._add_repo_to_sack(r)
  File "/usr/lib/python3.4/site-packages/dnf/base.py", line 109, in _add_repo_to_sack
    repo.load()
  File "/usr/lib/python3.4/site-packages/dnf/repo.py", line 847, in load
    raise dnf.exceptions.RepoError(msg)
dnf.exceptions.RepoError: Failed to synchronize cache for repo 'fedora'
May 22 08:46:07 CRITICAL Error: Failed to synchronize cache for repo 'fedora'
May 22 08:46:16 INFO --- logging initialized ---
May 22 08:46:16 DDEBUG timer: config: 5 ms
May 22 08:46:16 DEBUG cachedir: /var/tmp/dnf-alunux-mjoo87n9
May 22 08:46:16 DEBUG Loaded plugins: playground, config-manager, protected_packages, download, builddep, needs-restarting, copr, debuginfo-install, Query, noroot, generate_completion_cache, reposync
May 22 08:46:16 DEBUG DNF version: 1.1.8
May 22 08:46:16 DDEBUG Command: dnf --installroot=/home/alunux/MyLabora/nekorpm/installroot/f23-x86_64 --releasever=geany --setopt keepcache=1 download --resolve geany 
May 22 08:46:16 DDEBUG Installroot: /home/alunux/MyLabora/nekorpm/installroot/f23-x86_64
May 22 08:46:16 DDEBUG Releasever: geany
May 22 08:46:16 DDEBUG Base command: download
May 22 08:46:16 DDEBUG Extra commands: ['--resolve', 'geany']
May 22 08:46:16 DDEBUG repo: downloading from remote: alunux-zeal, _Handle: metalnk: None, mlist: None, urls ['https://copr-be.cloud.fedoraproject.org/results/alunux/zeal/fedora-geany-x86_64/'].
May 22 08:46:17 DEBUG Cannot download 'https://copr-be.cloud.fedoraproject.org/results/alunux/zeal/fedora-geany-x86_64/': Cannot download repomd.xml: Cannot download repodata/repomd.xml: All mirrors were tried.
May 22 08:46:17 DDEBUG repo: downloading from remote: fedora, _Handle: metalnk: https://mirrors.fedoraproject.org/metalink?repo=fedora-geany&arch=x86_64, mlist: None, urls [].
May 22 08:46:20 DEBUG Cannot download 'https://mirrors.fedoraproject.org/metalink?repo=fedora-geany&arch=x86_64': Cannot prepare internal mirrorlist: file "repomd.xml" was not found in metalink.
May 22 08:46:20 DDEBUG Cleaning up.
May 22 08:46:20 SUBDEBUG 
Traceback (most recent call last):
  File "/usr/lib/python3.4/site-packages/dnf/repo.py", line 226, in perform
    return super(_Handle, self).perform(result)
  File "/usr/lib64/python3.4/site-packages/librepo/__init__.py", line 1425, in perform
    _librepo.Handle.perform(self, result)
librepo.LibrepoException: (15, 'Cannot prepare internal mirrorlist: file "repomd.xml" was not found in metalink', 'Bad mirrorlist or metalink file')

During handling of the above exception, another exception occurred:

Traceback (most recent call last):
  File "/usr/lib/python3.4/site-packages/dnf/repo.py", line 835, in load
    self._handle_load(handle)
  File "/usr/lib/python3.4/site-packages/dnf/repo.py", line 590, in _handle_load
    return self._handle_load_core(handle)
  File "/usr/lib/python3.4/site-packages/dnf/repo.py", line 603, in _handle_load_core
    result = handle.perform()
  File "/usr/lib/python3.4/site-packages/dnf/repo.py", line 230, in perform
    raise _DetailedLibrepoError(exc, source)
dnf.repo._DetailedLibrepoError

During handling of the above exception, another exception occurred:

Traceback (most recent call last):
  File "/usr/lib/python3.4/site-packages/dnf/cli/main.py", line 60, in main
    return _main(base, args)
  File "/usr/lib/python3.4/site-packages/dnf/cli/main.py", line 112, in _main
    cli.run()
  File "/usr/lib/python3.4/site-packages/dnf/cli/cli.py", line 1095, in run
    self._process_demands()
  File "/usr/lib/python3.4/site-packages/dnf/cli/cli.py", line 810, in _process_demands
    load_available_repos=lar)
  File "/usr/lib/python3.4/site-packages/dnf/base.py", line 243, in fill_sack
    self._add_repo_to_sack(r)
  File "/usr/lib/python3.4/site-packages/dnf/base.py", line 109, in _add_repo_to_sack
    repo.load()
  File "/usr/lib/python3.4/site-packages/dnf/repo.py", line 847, in load
    raise dnf.exceptions.RepoError(msg)
dnf.exceptions.RepoError: Failed to synchronize cache for repo 'fedora'
May 22 08:46:20 CRITICAL Error: Failed to synchronize cache for repo 'fedora'
May 22 08:46:24 INFO --- logging initialized ---
May 22 08:46:24 DDEBUG timer: config: 5 ms
May 22 08:46:24 DEBUG cachedir: /var/tmp/dnf-alunux-mjoo87n9
May 22 08:46:24 DEBUG Loaded plugins: generate_completion_cache, config-manager, copr, needs-restarting, playground, reposync, Query, noroot, protected_packages, debuginfo-install, download, builddep
May 22 08:46:24 DEBUG DNF version: 1.1.8
May 22 08:46:24 DDEBUG Command: dnf --installroot=/home/alunux/MyLabora/nekorpm/installroot/f23-x86_64 --releasever=geany --setopt keepcache=1 download --resolve geany 
May 22 08:46:24 DDEBUG Installroot: /home/alunux/MyLabora/nekorpm/installroot/f23-x86_64
May 22 08:46:24 DDEBUG Releasever: geany
May 22 08:46:24 DDEBUG Base command: download
May 22 08:46:24 DDEBUG Extra commands: ['--resolve', 'geany']
May 22 08:46:24 DDEBUG repo: downloading from remote: home_Horst3180, _Handle: metalnk: None, mlist: None, urls ['http://download.opensuse.org/repositories/home:/Horst3180/Fedora_23/'].
May 22 08:46:28 DEBUG not found deltainfo for: Horst3180's Home Project (Fedora_23)
May 22 08:46:28 DEBUG not found updateinfo for: Horst3180's Home Project (Fedora_23)
May 22 08:46:28 DDEBUG repo: downloading from remote: alunux-electric-vlsi, _Handle: metalnk: None, mlist: None, urls ['https://copr-be.cloud.fedoraproject.org/results/alunux/electric-vlsi/fedora-geany-x86_64/'].
May 22 08:46:30 DEBUG Cannot download 'https://copr-be.cloud.fedoraproject.org/results/alunux/electric-vlsi/fedora-geany-x86_64/': Cannot download repomd.xml: Cannot download repodata/repomd.xml: All mirrors were tried.
May 22 08:46:30 DDEBUG repo: downloading from remote: churchyard-chromium-russianfedora, _Handle: metalnk: None, mlist: None, urls ['https://copr-be.cloud.fedoraproject.org/results/churchyard/chromium-russianfedora/fedora-geany-x86_64/'].
May 22 08:46:31 DEBUG Cannot download 'https://copr-be.cloud.fedoraproject.org/results/churchyard/chromium-russianfedora/fedora-geany-x86_64/': Cannot download repomd.xml: Cannot download repodata/repomd.xml: All mirrors were tried.
May 22 08:46:31 DEBUG repo: using cache for: dyskette-gnome-320-x86_64
May 22 08:46:31 DEBUG not found deltainfo for: Copr repo for gnome-320 owned by dyskette x86_64
May 22 08:46:31 DEBUG not found updateinfo for: Copr repo for gnome-320 owned by dyskette x86_64
May 22 08:46:31 DDEBUG repo: downloading from remote: infinality-ultimate, _Handle: metalnk: None, mlist: None, urls ['http://rpm.danielrenninghoff.com/infinality/fedora/geany/x86_64/'].
May 22 08:46:32 DEBUG Cannot download 'http://rpm.danielrenninghoff.com/infinality/fedora/geany/x86_64/': Cannot download repomd.xml: Cannot download repodata/repomd.xml: All mirrors were tried.
May 22 08:46:32 DDEBUG repo: downloading from remote: heikoada-terminix, _Handle: metalnk: None, mlist: None, urls ['https://copr-be.cloud.fedoraproject.org/results/heikoada/terminix/fedora-geany-x86_64/'].
May 22 08:46:33 DEBUG Cannot download 'https://copr-be.cloud.fedoraproject.org/results/heikoada/terminix/fedora-geany-x86_64/': Cannot download repomd.xml: Cannot download repodata/repomd.xml: All mirrors were tried.
May 22 08:46:33 DDEBUG repo: downloading from remote: insync, _Handle: metalnk: None, mlist: None, urls ['http://yum.insynchq.com/fedora/geany/'].
May 22 08:46:34 DEBUG Cannot download 'http://yum.insynchq.com/fedora/geany/': Cannot download repomd.xml: Cannot download repodata/repomd.xml: All mirrors were tried.
May 22 08:46:34 DDEBUG repo: downloading from remote: rpmfusion-free-updates-testing, _Handle: metalnk: None, mlist: http://mirrors.rpmfusion.org/mirrorlist?repo=free-fedora-updates-testing-geany&arch=x86_64, urls [].
May 22 08:46:37 DEBUG Cannot download 'http://mirrors.rpmfusion.org/mirrorlist?repo=free-fedora-updates-testing-geany&arch=x86_64': Cannot prepare internal mirrorlist: No URLs in mirrorlist.
May 22 08:46:37 DDEBUG repo: downloading from remote: rpmfusion-nonfree-updates-testing, _Handle: metalnk: None, mlist: http://mirrors.rpmfusion.org/mirrorlist?repo=nonfree-fedora-updates-testing-geany&arch=x86_64, urls [].
May 22 08:46:38 DEBUG Cannot download 'http://mirrors.rpmfusion.org/mirrorlist?repo=nonfree-fedora-updates-testing-geany&arch=x86_64': Cannot prepare internal mirrorlist: No URLs in mirrorlist.
May 22 08:46:38 DEBUG repo: using cache for: dyskette-gnome-320-i386
May 22 08:46:38 DEBUG not found deltainfo for: Copr repo for gnome-320 owned by dyskette i386
May 22 08:46:38 DEBUG not found updateinfo for: Copr repo for gnome-320 owned by dyskette i386
May 22 08:46:38 DDEBUG repo: downloading from remote: virtualbox, _Handle: metalnk: None, mlist: None, urls ['http://download.virtualbox.org/virtualbox/rpm/fedora/geany/x86_64'].
May 22 08:46:40 DEBUG Cannot download 'http://download.virtualbox.org/virtualbox/rpm/fedora/geany/x86_64': Cannot download repomd.xml: Cannot download repodata/repomd.xml: All mirrors were tried.
May 22 08:46:40 DDEBUG repo: downloading from remote: rpmfusion-free, _Handle: metalnk: None, mlist: http://mirrors.rpmfusion.org/mirrorlist?repo=free-fedora-geany&arch=x86_64, urls [].
May 22 08:46:42 DEBUG Cannot download 'http://mirrors.rpmfusion.org/mirrorlist?repo=free-fedora-geany&arch=x86_64': Cannot prepare internal mirrorlist: No URLs in mirrorlist.
May 22 08:46:42 DDEBUG repo: downloading from remote: infinality-ultimate-noarch, _Handle: metalnk: None, mlist: None, urls ['http://rpm.danielrenninghoff.com/infinality/fedora/geany/noarch/'].
May 22 08:46:43 DEBUG Cannot download 'http://rpm.danielrenninghoff.com/infinality/fedora/geany/noarch/': Cannot download repomd.xml: Cannot download repodata/repomd.xml: All mirrors were tried.
May 22 08:46:43 DDEBUG repo: downloading from remote: rpmfusion-nonfree, _Handle: metalnk: None, mlist: http://mirrors.rpmfusion.org/mirrorlist?repo=nonfree-fedora-geany&arch=x86_64, urls [].
May 22 08:46:44 DEBUG Cannot download 'http://mirrors.rpmfusion.org/mirrorlist?repo=nonfree-fedora-geany&arch=x86_64': Cannot prepare internal mirrorlist: No URLs in mirrorlist.
May 22 08:46:44 DDEBUG repo: downloading from remote: fedora, _Handle: metalnk: https://mirrors.fedoraproject.org/metalink?repo=fedora-geany&arch=x86_64, mlist: None, urls [].
May 22 08:46:47 DEBUG Cannot download 'https://mirrors.fedoraproject.org/metalink?repo=fedora-geany&arch=x86_64': Cannot prepare internal mirrorlist: file "repomd.xml" was not found in metalink.
May 22 08:46:47 DDEBUG Cleaning up.
May 22 08:46:47 SUBDEBUG 
Traceback (most recent call last):
  File "/usr/lib/python3.4/site-packages/dnf/repo.py", line 226, in perform
    return super(_Handle, self).perform(result)
  File "/usr/lib64/python3.4/site-packages/librepo/__init__.py", line 1425, in perform
    _librepo.Handle.perform(self, result)
librepo.LibrepoException: (15, 'Cannot prepare internal mirrorlist: file "repomd.xml" was not found in metalink', 'Bad mirrorlist or metalink file')

During handling of the above exception, another exception occurred:

Traceback (most recent call last):
  File "/usr/lib/python3.4/site-packages/dnf/repo.py", line 835, in load
    self._handle_load(handle)
  File "/usr/lib/python3.4/site-packages/dnf/repo.py", line 590, in _handle_load
    return self._handle_load_core(handle)
  File "/usr/lib/python3.4/site-packages/dnf/repo.py", line 603, in _handle_load_core
    result = handle.perform()
  File "/usr/lib/python3.4/site-packages/dnf/repo.py", line 230, in perform
    raise _DetailedLibrepoError(exc, source)
dnf.repo._DetailedLibrepoError

During handling of the above exception, another exception occurred:

Traceback (most recent call last):
  File "/usr/lib/python3.4/site-packages/dnf/cli/main.py", line 60, in main
    return _main(base, args)
  File "/usr/lib/python3.4/site-packages/dnf/cli/main.py", line 112, in _main
    cli.run()
  File "/usr/lib/python3.4/site-packages/dnf/cli/cli.py", line 1095, in run
    self._process_demands()
  File "/usr/lib/python3.4/site-packages/dnf/cli/cli.py", line 810, in _process_demands
    load_available_repos=lar)
  File "/usr/lib/python3.4/site-packages/dnf/base.py", line 243, in fill_sack
    self._add_repo_to_sack(r)
  File "/usr/lib/python3.4/site-packages/dnf/base.py", line 109, in _add_repo_to_sack
    repo.load()
  File "/usr/lib/python3.4/site-packages/dnf/repo.py", line 847, in load
    raise dnf.exceptions.RepoError(msg)
dnf.exceptions.RepoError: Failed to synchronize cache for repo 'fedora'
May 22 08:46:47 CRITICAL Error: Failed to synchronize cache for repo 'fedora'
May 22 08:46:57 INFO --- logging initialized ---
May 22 08:46:57 DDEBUG timer: config: 5 ms
May 22 08:46:57 DEBUG cachedir: /var/tmp/dnf-alunux-mjoo87n9
May 22 08:46:57 DEBUG Loaded plugins: playground, debuginfo-install, reposync, needs-restarting, generate_completion_cache, Query, protected_packages, builddep, copr, config-manager, noroot, download
May 22 08:46:57 DEBUG DNF version: 1.1.8
May 22 08:46:57 DDEBUG Command: dnf --installroot=/home/alunux/MyLabora/nekorpm/installroot/f23-x86_64 --releasever=geany --setopt keepcache=1 download --resolve geany 
May 22 08:46:57 DDEBUG Installroot: /home/alunux/MyLabora/nekorpm/installroot/f23-x86_64
May 22 08:46:57 DDEBUG Releasever: geany
May 22 08:46:57 DDEBUG Base command: download
May 22 08:46:57 DDEBUG Extra commands: ['--resolve', 'geany']
May 22 08:46:57 DDEBUG repo: downloading from remote: alunux-electric-vlsi, _Handle: metalnk: None, mlist: None, urls ['https://copr-be.cloud.fedoraproject.org/results/alunux/electric-vlsi/fedora-geany-x86_64/'].
May 22 08:47:24 DDEBUG Cleaning up.
May 22 08:47:36 INFO --- logging initialized ---
May 22 08:47:36 DDEBUG timer: config: 5 ms
May 22 08:47:36 DEBUG cachedir: /var/tmp/dnf-alunux-mjoo87n9
May 22 08:47:37 DEBUG Loaded plugins: reposync, protected_packages, generate_completion_cache, builddep, debuginfo-install, copr, noroot, playground, Query, download, config-manager, needs-restarting
May 22 08:47:37 DEBUG DNF version: 1.1.8
May 22 08:47:37 DDEBUG Command: dnf --installroot=/home/alunux/MyLabora/nekorpm/installroot/f23-x86_64 --releasever=geany --setopt keepcache=1 download --resolve geany 
May 22 08:47:37 DDEBUG Installroot: /home/alunux/MyLabora/nekorpm/installroot/f23-x86_64
May 22 08:47:37 DDEBUG Releasever: geany
May 22 08:47:37 DDEBUG Base command: download
May 22 08:47:37 DDEBUG Extra commands: ['--resolve', 'geany']
May 22 08:47:37 DEBUG repo: using cache for: nodesource
May 22 08:47:37 DEBUG not found deltainfo for: Node.js Packages for Fedora Core 23 - x86_64
May 22 08:47:37 DEBUG not found updateinfo for: Node.js Packages for Fedora Core 23 - x86_64
May 22 08:47:37 DDEBUG repo: downloading from remote: infinality-ultimate, _Handle: metalnk: None, mlist: None, urls ['http://rpm.danielrenninghoff.com/infinality/fedora/geany/x86_64/'].
May 22 08:47:37 DEBUG Cannot download 'http://rpm.danielrenninghoff.com/infinality/fedora/geany/x86_64/': Cannot download repomd.xml: Cannot download repodata/repomd.xml: All mirrors were tried.
May 22 08:47:37 DDEBUG repo: downloading from remote: virtualbox, _Handle: metalnk: None, mlist: None, urls ['http://download.virtualbox.org/virtualbox/rpm/fedora/geany/x86_64'].
May 22 08:47:39 DEBUG Cannot download 'http://download.virtualbox.org/virtualbox/rpm/fedora/geany/x86_64': Cannot download repomd.xml: Cannot download repodata/repomd.xml: All mirrors were tried.
May 22 08:47:39 DDEBUG repo: downloading from remote: churchyard-chromium-russianfedora, _Handle: metalnk: None, mlist: None, urls ['https://copr-be.cloud.fedoraproject.org/results/churchyard/chromium-russianfedora/fedora-geany-x86_64/'].
May 22 08:47:41 DEBUG Cannot download 'https://copr-be.cloud.fedoraproject.org/results/churchyard/chromium-russianfedora/fedora-geany-x86_64/': Cannot download repomd.xml: Cannot download repodata/repomd.xml: All mirrors were tried.
May 22 08:47:41 DDEBUG repo: downloading from remote: heikoada-terminix, _Handle: metalnk: None, mlist: None, urls ['https://copr-be.cloud.fedoraproject.org/results/heikoada/terminix/fedora-geany-x86_64/'].
May 22 08:47:43 DEBUG Cannot download 'https://copr-be.cloud.fedoraproject.org/results/heikoada/terminix/fedora-geany-x86_64/': Cannot download repomd.xml: Cannot download repodata/repomd.xml: All mirrors were tried.
May 22 08:47:43 DDEBUG repo: downloading from remote: alunux-electric-vlsi, _Handle: metalnk: None, mlist: None, urls ['https://copr-be.cloud.fedoraproject.org/results/alunux/electric-vlsi/fedora-geany-x86_64/'].
May 22 08:47:44 DEBUG Cannot download 'https://copr-be.cloud.fedoraproject.org/results/alunux/electric-vlsi/fedora-geany-x86_64/': Cannot download repomd.xml: Cannot download repodata/repomd.xml: All mirrors were tried.
May 22 08:47:44 DEBUG repo: using cache for: dyskette-gnome-320-x86_64
May 22 08:47:44 DEBUG not found deltainfo for: Copr repo for gnome-320 owned by dyskette x86_64
May 22 08:47:44 DEBUG not found updateinfo for: Copr repo for gnome-320 owned by dyskette x86_64
May 22 08:47:44 DDEBUG repo: downloading from remote: updates, _Handle: metalnk: https://mirrors.fedoraproject.org/metalink?repo=updates-released-fgeany&arch=x86_64, mlist: None, urls [].
May 22 08:47:46 DEBUG Cannot download 'https://mirrors.fedoraproject.org/metalink?repo=updates-released-fgeany&arch=x86_64': Cannot prepare internal mirrorlist: file "repomd.xml" was not found in metalink.
May 22 08:47:46 DDEBUG Cleaning up.
May 22 08:47:46 SUBDEBUG 
Traceback (most recent call last):
  File "/usr/lib/python3.4/site-packages/dnf/repo.py", line 226, in perform
    return super(_Handle, self).perform(result)
  File "/usr/lib64/python3.4/site-packages/librepo/__init__.py", line 1425, in perform
    _librepo.Handle.perform(self, result)
librepo.LibrepoException: (15, 'Cannot prepare internal mirrorlist: file "repomd.xml" was not found in metalink', 'Bad mirrorlist or metalink file')

During handling of the above exception, another exception occurred:

Traceback (most recent call last):
  File "/usr/lib/python3.4/site-packages/dnf/repo.py", line 835, in load
    self._handle_load(handle)
  File "/usr/lib/python3.4/site-packages/dnf/repo.py", line 590, in _handle_load
    return self._handle_load_core(handle)
  File "/usr/lib/python3.4/site-packages/dnf/repo.py", line 603, in _handle_load_core
    result = handle.perform()
  File "/usr/lib/python3.4/site-packages/dnf/repo.py", line 230, in perform
    raise _DetailedLibrepoError(exc, source)
dnf.repo._DetailedLibrepoError

During handling of the above exception, another exception occurred:

Traceback (most recent call last):
  File "/usr/lib/python3.4/site-packages/dnf/cli/main.py", line 60, in main
    return _main(base, args)
  File "/usr/lib/python3.4/site-packages/dnf/cli/main.py", line 112, in _main
    cli.run()
  File "/usr/lib/python3.4/site-packages/dnf/cli/cli.py", line 1095, in run
    self._process_demands()
  File "/usr/lib/python3.4/site-packages/dnf/cli/cli.py", line 810, in _process_demands
    load_available_repos=lar)
  File "/usr/lib/python3.4/site-packages/dnf/base.py", line 243, in fill_sack
    self._add_repo_to_sack(r)
  File "/usr/lib/python3.4/site-packages/dnf/base.py", line 109, in _add_repo_to_sack
    repo.load()
  File "/usr/lib/python3.4/site-packages/dnf/repo.py", line 847, in load
    raise dnf.exceptions.RepoError(msg)
dnf.exceptions.RepoError: Failed to synchronize cache for repo 'updates'
May 22 08:47:46 CRITICAL Error: Failed to synchronize cache for repo 'updates'
May 22 08:50:00 INFO --- logging initialized ---
May 22 08:50:00 DDEBUG timer: config: 5 ms
May 22 08:50:00 DEBUG cachedir: /var/tmp/dnf-alunux-mjoo87n9
May 22 08:50:00 DEBUG Loaded plugins: generate_completion_cache, config-manager, copr, debuginfo-install, Query, reposync, noroot, playground, builddep, download, needs-restarting, protected_packages
May 22 08:50:00 DEBUG DNF version: 1.1.8
May 22 08:50:00 DDEBUG Command: dnf --installroot=/home/alunux/MyLabora/nekorpm/installroot/f23-x86_64 --releasever=geany --setopt keepcache=1 download --resolve geany 
May 22 08:50:00 DDEBUG Installroot: /home/alunux/MyLabora/nekorpm/installroot/f23-x86_64
May 22 08:50:00 DDEBUG Releasever: geany
May 22 08:50:00 DDEBUG Base command: download
May 22 08:50:00 DDEBUG Extra commands: ['--resolve', 'geany']
May 22 08:50:00 DEBUG repo: using cache for: dyskette-gnome-320-i386
May 22 08:50:00 DEBUG not found deltainfo for: Copr repo for gnome-320 owned by dyskette i386
May 22 08:50:00 DEBUG not found updateinfo for: Copr repo for gnome-320 owned by dyskette i386
May 22 08:50:00 DDEBUG repo: downloading from remote: rommon-telegram, _Handle: metalnk: None, mlist: None, urls ['https://copr-be.cloud.fedoraproject.org/results/rommon/telegram/fedora-geany-x86_64/'].
May 22 08:51:27 DDEBUG Cleaning up.
May 22 08:51:30 INFO --- logging initialized ---
May 22 08:51:30 DDEBUG timer: config: 5 ms
May 22 08:51:30 DEBUG cachedir: /var/tmp/dnf-alunux-mjoo87n9
May 22 08:51:30 DEBUG Loaded plugins: builddep, Query, protected_packages, config-manager, playground, reposync, debuginfo-install, copr, noroot, needs-restarting, download, generate_completion_cache
May 22 08:51:30 DEBUG DNF version: 1.1.8
May 22 08:51:30 DDEBUG Command: dnf --installroot=/home/alunux/MyLabora/nekorpm/installroot/f23-x86_64 --releasever=geany --setopt keepcache=1 download --resolve geany 
May 22 08:51:30 DDEBUG Installroot: /home/alunux/MyLabora/nekorpm/installroot/f23-x86_64
May 22 08:51:30 DDEBUG Releasever: geany
May 22 08:51:30 DDEBUG Base command: download
May 22 08:51:30 DDEBUG Extra commands: ['--resolve', 'geany']
May 22 08:51:30 DDEBUG repo: downloading from remote: insync, _Handle: metalnk: None, mlist: None, urls ['http://yum.insynchq.com/fedora/geany/'].
May 22 08:51:32 DEBUG Cannot download 'http://yum.insynchq.com/fedora/geany/': Cannot download repomd.xml: Cannot download repodata/repomd.xml: All mirrors were tried.
May 22 08:51:32 DDEBUG repo: downloading from remote: virtualbox, _Handle: metalnk: None, mlist: None, urls ['http://download.virtualbox.org/virtualbox/rpm/fedora/geany/x86_64'].
May 22 08:51:33 DEBUG Cannot download 'http://download.virtualbox.org/virtualbox/rpm/fedora/geany/x86_64': Cannot download repomd.xml: Cannot download repodata/repomd.xml: All mirrors were tried.
May 22 08:51:33 DDEBUG repo: downloading from remote: infinality-ultimate-noarch, _Handle: metalnk: None, mlist: None, urls ['http://rpm.danielrenninghoff.com/infinality/fedora/geany/noarch/'].
May 22 08:51:33 DEBUG Cannot download 'http://rpm.danielrenninghoff.com/infinality/fedora/geany/noarch/': Cannot download repomd.xml: Cannot download repodata/repomd.xml: All mirrors were tried.
May 22 08:51:33 DDEBUG repo: downloading from remote: fedora, _Handle: metalnk: https://mirrors.fedoraproject.org/metalink?repo=fedora-geany&arch=x86_64, mlist: None, urls [].
May 22 08:51:37 DEBUG Cannot download 'https://mirrors.fedoraproject.org/metalink?repo=fedora-geany&arch=x86_64': Cannot prepare internal mirrorlist: file "repomd.xml" was not found in metalink.
May 22 08:51:37 DDEBUG Cleaning up.
May 22 08:51:37 SUBDEBUG 
Traceback (most recent call last):
  File "/usr/lib/python3.4/site-packages/dnf/repo.py", line 226, in perform
    return super(_Handle, self).perform(result)
  File "/usr/lib64/python3.4/site-packages/librepo/__init__.py", line 1425, in perform
    _librepo.Handle.perform(self, result)
librepo.LibrepoException: (15, 'Cannot prepare internal mirrorlist: file "repomd.xml" was not found in metalink', 'Bad mirrorlist or metalink file')

During handling of the above exception, another exception occurred:

Traceback (most recent call last):
  File "/usr/lib/python3.4/site-packages/dnf/repo.py", line 835, in load
    self._handle_load(handle)
  File "/usr/lib/python3.4/site-packages/dnf/repo.py", line 590, in _handle_load
    return self._handle_load_core(handle)
  File "/usr/lib/python3.4/site-packages/dnf/repo.py", line 603, in _handle_load_core
    result = handle.perform()
  File "/usr/lib/python3.4/site-packages/dnf/repo.py", line 230, in perform
    raise _DetailedLibrepoError(exc, source)
dnf.repo._DetailedLibrepoError

During handling of the above exception, another exception occurred:

Traceback (most recent call last):
  File "/usr/lib/python3.4/site-packages/dnf/cli/main.py", line 60, in main
    return _main(base, args)
  File "/usr/lib/python3.4/site-packages/dnf/cli/main.py", line 112, in _main
    cli.run()
  File "/usr/lib/python3.4/site-packages/dnf/cli/cli.py", line 1095, in run
    self._process_demands()
  File "/usr/lib/python3.4/site-packages/dnf/cli/cli.py", line 810, in _process_demands
    load_available_repos=lar)
  File "/usr/lib/python3.4/site-packages/dnf/base.py", line 243, in fill_sack
    self._add_repo_to_sack(r)
  File "/usr/lib/python3.4/site-packages/dnf/base.py", line 109, in _add_repo_to_sack
    repo.load()
  File "/usr/lib/python3.4/site-packages/dnf/repo.py", line 847, in load
    raise dnf.exceptions.RepoError(msg)
dnf.exceptions.RepoError: Failed to synchronize cache for repo 'fedora'
May 22 08:51:37 CRITICAL Error: Failed to synchronize cache for repo 'fedora'
May 22 08:51:44 INFO --- logging initialized ---
May 22 08:51:44 DDEBUG timer: config: 5 ms
May 22 08:51:44 DEBUG cachedir: /var/tmp/dnf-alunux-mjoo87n9
May 22 08:51:44 DEBUG Loaded plugins: copr, noroot, builddep, download, config-manager, debuginfo-install, protected_packages, Query, playground, reposync, needs-restarting, generate_completion_cache
May 22 08:51:44 DEBUG DNF version: 1.1.8
May 22 08:51:44 DDEBUG Command: dnf --installroot=/home/alunux/MyLabora/nekorpm/installroot/f23-x86_64 --releasever=geany --setopt keepcache=1 download --resolve geany 
May 22 08:51:44 DDEBUG Installroot: /home/alunux/MyLabora/nekorpm/installroot/f23-x86_64
May 22 08:51:44 DDEBUG Releasever: geany
May 22 08:51:44 DDEBUG Base command: download
May 22 08:51:44 DDEBUG Extra commands: ['--resolve', 'geany']
May 22 08:51:44 DDEBUG repo: downloading from remote: rpmfusion-free-updates-testing, _Handle: metalnk: None, mlist: http://mirrors.rpmfusion.org/mirrorlist?repo=free-fedora-updates-testing-geany&arch=x86_64, urls [].
May 22 08:51:48 DEBUG Cannot download 'http://mirrors.rpmfusion.org/mirrorlist?repo=free-fedora-updates-testing-geany&arch=x86_64': Cannot prepare internal mirrorlist: No URLs in mirrorlist.
May 22 08:51:48 DEBUG repo: using cache for: dyskette-gnome-320-i386
May 22 08:51:48 DEBUG not found deltainfo for: Copr repo for gnome-320 owned by dyskette i386
May 22 08:51:48 DEBUG not found updateinfo for: Copr repo for gnome-320 owned by dyskette i386
May 22 08:51:48 DDEBUG repo: downloading from remote: updates, _Handle: metalnk: https://mirrors.fedoraproject.org/metalink?repo=updates-released-fgeany&arch=x86_64, mlist: None, urls [].
May 22 08:51:52 DEBUG Cannot download 'https://mirrors.fedoraproject.org/metalink?repo=updates-released-fgeany&arch=x86_64': Cannot prepare internal mirrorlist: file "repomd.xml" was not found in metalink.
May 22 08:51:52 DDEBUG Cleaning up.
May 22 08:51:52 SUBDEBUG 
Traceback (most recent call last):
  File "/usr/lib/python3.4/site-packages/dnf/repo.py", line 226, in perform
    return super(_Handle, self).perform(result)
  File "/usr/lib64/python3.4/site-packages/librepo/__init__.py", line 1425, in perform
    _librepo.Handle.perform(self, result)
librepo.LibrepoException: (15, 'Cannot prepare internal mirrorlist: file "repomd.xml" was not found in metalink', 'Bad mirrorlist or metalink file')

During handling of the above exception, another exception occurred:

Traceback (most recent call last):
  File "/usr/lib/python3.4/site-packages/dnf/repo.py", line 835, in load
    self._handle_load(handle)
  File "/usr/lib/python3.4/site-packages/dnf/repo.py", line 590, in _handle_load
    return self._handle_load_core(handle)
  File "/usr/lib/python3.4/site-packages/dnf/repo.py", line 603, in _handle_load_core
    result = handle.perform()
  File "/usr/lib/python3.4/site-packages/dnf/repo.py", line 230, in perform
    raise _DetailedLibrepoError(exc, source)
dnf.repo._DetailedLibrepoError

During handling of the above exception, another exception occurred:

Traceback (most recent call last):
  File "/usr/lib/python3.4/site-packages/dnf/cli/main.py", line 60, in main
    return _main(base, args)
  File "/usr/lib/python3.4/site-packages/dnf/cli/main.py", line 112, in _main
    cli.run()
  File "/usr/lib/python3.4/site-packages/dnf/cli/cli.py", line 1095, in run
    self._process_demands()
  File "/usr/lib/python3.4/site-packages/dnf/cli/cli.py", line 810, in _process_demands
    load_available_repos=lar)
  File "/usr/lib/python3.4/site-packages/dnf/base.py", line 243, in fill_sack
    self._add_repo_to_sack(r)
  File "/usr/lib/python3.4/site-packages/dnf/base.py", line 109, in _add_repo_to_sack
    repo.load()
  File "/usr/lib/python3.4/site-packages/dnf/repo.py", line 847, in load
    raise dnf.exceptions.RepoError(msg)
dnf.exceptions.RepoError: Failed to synchronize cache for repo 'updates'
May 22 08:51:52 CRITICAL Error: Failed to synchronize cache for repo 'updates'
May 22 08:52:48 INFO --- logging initialized ---
May 22 08:52:48 DDEBUG timer: config: 5 ms
May 22 08:52:48 DEBUG cachedir: /var/tmp/dnf-alunux-mjoo87n9
May 22 08:52:48 DEBUG Loaded plugins: download, reposync, protected_packages, generate_completion_cache, needs-restarting, builddep, debuginfo-install, playground, copr, Query, noroot, config-manager
May 22 08:52:48 DEBUG DNF version: 1.1.8
May 22 08:52:48 DDEBUG Command: dnf --installroot=/home/alunux/MyLabora/nekorpm/installroot/f23-x86_64 --releasever=geany --setopt keepcache=1 download --resolve geany 
May 22 08:52:48 DDEBUG Installroot: /home/alunux/MyLabora/nekorpm/installroot/f23-x86_64
May 22 08:52:48 DDEBUG Releasever: geany
May 22 08:52:48 DDEBUG Base command: download
May 22 08:52:48 DDEBUG Extra commands: ['--resolve', 'geany']
May 22 08:52:48 DDEBUG repo: downloading from remote: heikoada-terminix, _Handle: metalnk: None, mlist: None, urls ['https://copr-be.cloud.fedoraproject.org/results/heikoada/terminix/fedora-geany-x86_64/'].
May 22 08:52:50 DEBUG Cannot download 'https://copr-be.cloud.fedoraproject.org/results/heikoada/terminix/fedora-geany-x86_64/': Cannot download repomd.xml: Cannot download repodata/repomd.xml: All mirrors were tried.
May 22 08:52:50 DEBUG repo: using cache for: nodesource
May 22 08:52:50 DEBUG not found deltainfo for: Node.js Packages for Fedora Core 23 - x86_64
May 22 08:52:50 DEBUG not found updateinfo for: Node.js Packages for Fedora Core 23 - x86_64
May 22 08:52:50 DDEBUG repo: downloading from remote: fedora, _Handle: metalnk: https://mirrors.fedoraproject.org/metalink?repo=fedora-geany&arch=x86_64, mlist: None, urls [].
May 22 08:52:52 DEBUG Cannot download 'https://mirrors.fedoraproject.org/metalink?repo=fedora-geany&arch=x86_64': Cannot prepare internal mirrorlist: file "repomd.xml" was not found in metalink.
May 22 08:52:52 DDEBUG Cleaning up.
May 22 08:52:52 SUBDEBUG 
Traceback (most recent call last):
  File "/usr/lib/python3.4/site-packages/dnf/repo.py", line 226, in perform
    return super(_Handle, self).perform(result)
  File "/usr/lib64/python3.4/site-packages/librepo/__init__.py", line 1425, in perform
    _librepo.Handle.perform(self, result)
librepo.LibrepoException: (15, 'Cannot prepare internal mirrorlist: file "repomd.xml" was not found in metalink', 'Bad mirrorlist or metalink file')

During handling of the above exception, another exception occurred:

Traceback (most recent call last):
  File "/usr/lib/python3.4/site-packages/dnf/repo.py", line 835, in load
    self._handle_load(handle)
  File "/usr/lib/python3.4/site-packages/dnf/repo.py", line 590, in _handle_load
    return self._handle_load_core(handle)
  File "/usr/lib/python3.4/site-packages/dnf/repo.py", line 603, in _handle_load_core
    result = handle.perform()
  File "/usr/lib/python3.4/site-packages/dnf/repo.py", line 230, in perform
    raise _DetailedLibrepoError(exc, source)
dnf.repo._DetailedLibrepoError

During handling of the above exception, another exception occurred:

Traceback (most recent call last):
  File "/usr/lib/python3.4/site-packages/dnf/cli/main.py", line 60, in main
    return _main(base, args)
  File "/usr/lib/python3.4/site-packages/dnf/cli/main.py", line 112, in _main
    cli.run()
  File "/usr/lib/python3.4/site-packages/dnf/cli/cli.py", line 1095, in run
    self._process_demands()
  File "/usr/lib/python3.4/site-packages/dnf/cli/cli.py", line 810, in _process_demands
    load_available_repos=lar)
  File "/usr/lib/python3.4/site-packages/dnf/base.py", line 243, in fill_sack
    self._add_repo_to_sack(r)
  File "/usr/lib/python3.4/site-packages/dnf/base.py", line 109, in _add_repo_to_sack
    repo.load()
  File "/usr/lib/python3.4/site-packages/dnf/repo.py", line 847, in load
    raise dnf.exceptions.RepoError(msg)
dnf.exceptions.RepoError: Failed to synchronize cache for repo 'fedora'
May 22 08:52:52 CRITICAL Error: Failed to synchronize cache for repo 'fedora'
May 22 08:52:57 INFO --- logging initialized ---
May 22 08:52:57 DDEBUG timer: config: 5 ms
May 22 08:52:57 DEBUG cachedir: /var/tmp/dnf-alunux-mjoo87n9
May 22 08:52:57 DEBUG Loaded plugins: needs-restarting, debuginfo-install, protected_packages, generate_completion_cache, noroot, config-manager, builddep, copr, Query, reposync, playground, download
May 22 08:52:57 DEBUG DNF version: 1.1.8
May 22 08:52:57 DDEBUG Command: dnf --installroot=/home/alunux/MyLabora/nekorpm/installroot/f23-x86_64 --releasever=geany --setopt keepcache=1 download --resolve geany 
May 22 08:52:57 DDEBUG Installroot: /home/alunux/MyLabora/nekorpm/installroot/f23-x86_64
May 22 08:52:57 DDEBUG Releasever: geany
May 22 08:52:57 DDEBUG Base command: download
May 22 08:52:57 DDEBUG Extra commands: ['--resolve', 'geany']
May 22 08:52:57 DEBUG repo: using cache for: dyskette-gnome-320-x86_64
May 22 08:52:57 DEBUG not found deltainfo for: Copr repo for gnome-320 owned by dyskette x86_64
May 22 08:52:57 DEBUG not found updateinfo for: Copr repo for gnome-320 owned by dyskette x86_64
May 22 08:52:57 DDEBUG repo: downloading from remote: heikoada-terminix, _Handle: metalnk: None, mlist: None, urls ['https://copr-be.cloud.fedoraproject.org/results/heikoada/terminix/fedora-geany-x86_64/'].
May 22 08:52:59 DEBUG Cannot download 'https://copr-be.cloud.fedoraproject.org/results/heikoada/terminix/fedora-geany-x86_64/': Cannot download repomd.xml: Cannot download repodata/repomd.xml: All mirrors were tried.
May 22 08:52:59 DDEBUG repo: downloading from remote: updates, _Handle: metalnk: https://mirrors.fedoraproject.org/metalink?repo=updates-released-fgeany&arch=x86_64, mlist: None, urls [].
May 22 08:53:04 DEBUG Cannot download 'https://mirrors.fedoraproject.org/metalink?repo=updates-released-fgeany&arch=x86_64': Cannot prepare internal mirrorlist: file "repomd.xml" was not found in metalink.
May 22 08:53:04 DDEBUG Cleaning up.
May 22 08:53:04 SUBDEBUG 
Traceback (most recent call last):
  File "/usr/lib/python3.4/site-packages/dnf/repo.py", line 226, in perform
    return super(_Handle, self).perform(result)
  File "/usr/lib64/python3.4/site-packages/librepo/__init__.py", line 1425, in perform
    _librepo.Handle.perform(self, result)
librepo.LibrepoException: (15, 'Cannot prepare internal mirrorlist: file "repomd.xml" was not found in metalink', 'Bad mirrorlist or metalink file')

During handling of the above exception, another exception occurred:

Traceback (most recent call last):
  File "/usr/lib/python3.4/site-packages/dnf/repo.py", line 835, in load
    self._handle_load(handle)
  File "/usr/lib/python3.4/site-packages/dnf/repo.py", line 590, in _handle_load
    return self._handle_load_core(handle)
  File "/usr/lib/python3.4/site-packages/dnf/repo.py", line 603, in _handle_load_core
    result = handle.perform()
  File "/usr/lib/python3.4/site-packages/dnf/repo.py", line 230, in perform
    raise _DetailedLibrepoError(exc, source)
dnf.repo._DetailedLibrepoError

During handling of the above exception, another exception occurred:

Traceback (most recent call last):
  File "/usr/lib/python3.4/site-packages/dnf/cli/main.py", line 60, in main
    return _main(base, args)
  File "/usr/lib/python3.4/site-packages/dnf/cli/main.py", line 112, in _main
    cli.run()
  File "/usr/lib/python3.4/site-packages/dnf/cli/cli.py", line 1095, in run
    self._process_demands()
  File "/usr/lib/python3.4/site-packages/dnf/cli/cli.py", line 810, in _process_demands
    load_available_repos=lar)
  File "/usr/lib/python3.4/site-packages/dnf/base.py", line 243, in fill_sack
    self._add_repo_to_sack(r)
  File "/usr/lib/python3.4/site-packages/dnf/base.py", line 109, in _add_repo_to_sack
    repo.load()
  File "/usr/lib/python3.4/site-packages/dnf/repo.py", line 847, in load
    raise dnf.exceptions.RepoError(msg)
dnf.exceptions.RepoError: Failed to synchronize cache for repo 'updates'
May 22 08:53:04 CRITICAL Error: Failed to synchronize cache for repo 'updates'
May 22 08:53:46 INFO --- logging initialized ---
May 22 08:53:46 DDEBUG timer: config: 5 ms
May 22 08:53:46 DEBUG cachedir: /var/tmp/dnf-alunux-mjoo87n9
May 22 08:53:46 DEBUG Loaded plugins: noroot, protected_packages, generate_completion_cache, reposync, debuginfo-install, download, config-manager, copr, needs-restarting, playground, Query, builddep
May 22 08:53:46 DEBUG DNF version: 1.1.8
May 22 08:53:46 DDEBUG Command: dnf --installroot=/home/alunux/MyLabora/nekorpm/installroot/f23-x86_64 --releasever=geany --setopt keepcache=1 download --resolve geany 
May 22 08:53:46 DDEBUG Installroot: /home/alunux/MyLabora/nekorpm/installroot/f23-x86_64
May 22 08:53:46 DDEBUG Releasever: geany
May 22 08:53:46 DDEBUG Base command: download
May 22 08:53:46 DDEBUG Extra commands: ['--resolve', 'geany']
May 22 08:53:46 DDEBUG repo: downloading from remote: updates, _Handle: metalnk: https://mirrors.fedoraproject.org/metalink?repo=updates-released-fgeany&arch=x86_64, mlist: None, urls [].
May 22 08:54:05 DDEBUG Cleaning up.
May 22 08:55:04 INFO --- logging initialized ---
May 22 08:55:04 DDEBUG timer: config: 5 ms
May 22 08:55:04 DEBUG cachedir: /var/tmp/dnf-alunux-mjoo87n9
May 22 08:55:04 DEBUG Loaded plugins: builddep, config-manager, noroot, reposync, Query, copr, debuginfo-install, generate_completion_cache, needs-restarting, protected_packages, download, playground
May 22 08:55:04 DEBUG DNF version: 1.1.8
May 22 08:55:04 DDEBUG Command: dnf --installroot=/home/alunux/MyLabora/nekorpm/installroot/f23-x86_64 --releasever=23 --setopt keepcache=1 download --resolve geany 
May 22 08:55:04 DDEBUG Installroot: /home/alunux/MyLabora/nekorpm/installroot/f23-x86_64
May 22 08:55:04 DDEBUG Releasever: 23
May 22 08:55:04 DDEBUG Base command: download
May 22 08:55:04 DDEBUG Extra commands: ['--resolve', 'geany']
May 22 08:55:04 DEBUG repo: using cache for: nodesource
May 22 08:55:04 DEBUG not found deltainfo for: Node.js Packages for Fedora Core 23 - x86_64
May 22 08:55:04 DEBUG not found updateinfo for: Node.js Packages for Fedora Core 23 - x86_64
May 22 08:55:04 DDEBUG repo: downloading from remote: infinality-ultimate, _Handle: metalnk: None, mlist: None, urls ['http://rpm.danielrenninghoff.com/infinality/fedora/23/x86_64/'].
May 22 08:55:09 DEBUG not found deltainfo for: Infinality Ultimate x86_64 packages
May 22 08:55:09 DEBUG not found updateinfo for: Infinality Ultimate x86_64 packages
May 22 08:55:09 DDEBUG repo: downloading from remote: rpmfusion-nonfree, _Handle: metalnk: None, mlist: http://mirrors.rpmfusion.org/mirrorlist?repo=nonfree-fedora-23&arch=x86_64, urls [].
May 22 08:55:14 DEBUG not found deltainfo for: RPM Fusion for Fedora 23 - Nonfree
May 22 08:55:14 DEBUG not found updateinfo for: RPM Fusion for Fedora 23 - Nonfree
May 22 08:55:14 DDEBUG repo: downloading from remote: churchyard-chromium-russianfedora, _Handle: metalnk: None, mlist: None, urls ['https://copr-be.cloud.fedoraproject.org/results/churchyard/chromium-russianfedora/fedora-23-x86_64/'].
May 22 08:55:18 DEBUG not found deltainfo for: Copr repo for chromium-russianfedora owned by churchyard
May 22 08:55:18 DEBUG not found updateinfo for: Copr repo for chromium-russianfedora owned by churchyard
May 22 08:55:20 DEBUG reviving: 'fedora' can be revived.
May 22 08:55:20 DEBUG not found deltainfo for: Fedora 23 - x86_64
May 22 08:55:20 DEBUG not found updateinfo for: Fedora 23 - x86_64
May 22 08:55:20 DDEBUG repo: downloading from remote: rommon-telegram, _Handle: metalnk: None, mlist: None, urls ['https://copr-be.cloud.fedoraproject.org/results/rommon/telegram/fedora-23-x86_64/'].
May 22 08:55:23 DEBUG not found deltainfo for: Copr repo for telegram owned by rommon
May 22 08:55:23 DEBUG not found updateinfo for: Copr repo for telegram owned by rommon
May 22 08:55:23 DDEBUG repo: downloading from remote: insync, _Handle: metalnk: None, mlist: None, urls ['http://yum.insynchq.com/fedora/23/'].
May 22 08:55:40 DEBUG not found deltainfo for: insync repo
May 22 08:55:40 DEBUG not found updateinfo for: insync repo
May 22 08:55:42 DEBUG reviving: failed for 'updates', mismatched sha256 sum.
May 22 08:55:42 DDEBUG repo: downloading from remote: updates, _Handle: metalnk: https://mirrors.fedoraproject.org/metalink?repo=updates-released-f23&arch=x86_64, mlist: None, urls [].
May 22 08:55:59 DEBUG Cannot download 'https://mirrors.fedoraproject.org/metalink?repo=updates-released-f23&arch=x86_64': Cannot prepare internal mirrorlist: Curl error (52): Server returned nothing (no headers, no data) for https://mirrors.fedoraproject.org/metalink?repo=updates-released-f23&arch=x86_64 [Empty reply from server].
May 22 08:55:59 DDEBUG Cleaning up.
May 22 08:55:59 SUBDEBUG 
Traceback (most recent call last):
  File "/usr/lib/python3.4/site-packages/dnf/repo.py", line 226, in perform
    return super(_Handle, self).perform(result)
  File "/usr/lib64/python3.4/site-packages/librepo/__init__.py", line 1425, in perform
    _librepo.Handle.perform(self, result)
librepo.LibrepoException: (8, 'Cannot prepare internal mirrorlist: Curl error (52): Server returned nothing (no headers, no data) for https://mirrors.fedoraproject.org/metalink?repo=updates-released-f23&arch=x86_64 [Empty reply from server]', 'An Curl handle error')

During handling of the above exception, another exception occurred:

Traceback (most recent call last):
  File "/usr/lib/python3.4/site-packages/dnf/repo.py", line 835, in load
    self._handle_load(handle)
  File "/usr/lib/python3.4/site-packages/dnf/repo.py", line 590, in _handle_load
    return self._handle_load_core(handle)
  File "/usr/lib/python3.4/site-packages/dnf/repo.py", line 603, in _handle_load_core
    result = handle.perform()
  File "/usr/lib/python3.4/site-packages/dnf/repo.py", line 230, in perform
    raise _DetailedLibrepoError(exc, source)
dnf.repo._DetailedLibrepoError

During handling of the above exception, another exception occurred:

Traceback (most recent call last):
  File "/usr/lib/python3.4/site-packages/dnf/cli/main.py", line 60, in main
    return _main(base, args)
  File "/usr/lib/python3.4/site-packages/dnf/cli/main.py", line 112, in _main
    cli.run()
  File "/usr/lib/python3.4/site-packages/dnf/cli/cli.py", line 1095, in run
    self._process_demands()
  File "/usr/lib/python3.4/site-packages/dnf/cli/cli.py", line 810, in _process_demands
    load_available_repos=lar)
  File "/usr/lib/python3.4/site-packages/dnf/base.py", line 243, in fill_sack
    self._add_repo_to_sack(r)
  File "/usr/lib/python3.4/site-packages/dnf/base.py", line 109, in _add_repo_to_sack
    repo.load()
  File "/usr/lib/python3.4/site-packages/dnf/repo.py", line 847, in load
    raise dnf.exceptions.RepoError(msg)
dnf.exceptions.RepoError: Failed to synchronize cache for repo 'updates'
May 22 08:55:59 CRITICAL Error: Failed to synchronize cache for repo 'updates'
May 22 08:56:11 INFO --- logging initialized ---
May 22 08:56:11 DDEBUG timer: config: 5 ms
May 22 08:56:11 DEBUG cachedir: /var/tmp/dnf-alunux-mjoo87n9
May 22 08:56:11 DEBUG Loaded plugins: playground, download, copr, config-manager, reposync, debuginfo-install, generate_completion_cache, noroot, protected_packages, builddep, needs-restarting, Query
May 22 08:56:11 DEBUG DNF version: 1.1.8
May 22 08:56:11 DDEBUG Command: dnf --installroot=/home/alunux/MyLabora/nekorpm/installroot/f23-x86_64 --releasever=23 --setopt keepcache=1 download --resolve geany 
May 22 08:56:11 DDEBUG Installroot: /home/alunux/MyLabora/nekorpm/installroot/f23-x86_64
May 22 08:56:11 DDEBUG Releasever: 23
May 22 08:56:11 DDEBUG Base command: download
May 22 08:56:11 DDEBUG Extra commands: ['--resolve', 'geany']
May 22 08:56:11 DEBUG repo: using cache for: insync
May 22 08:56:11 DEBUG not found deltainfo for: insync repo
May 22 08:56:11 DEBUG not found updateinfo for: insync repo
May 22 08:56:11 DEBUG repo: using cache for: dyskette-gnome-320-i386
May 22 08:56:11 DEBUG not found deltainfo for: Copr repo for gnome-320 owned by dyskette i386
May 22 08:56:11 DEBUG not found updateinfo for: Copr repo for gnome-320 owned by dyskette i386
May 22 08:56:11 DEBUG repo: using cache for: churchyard-chromium-russianfedora
May 22 08:56:11 DEBUG not found deltainfo for: Copr repo for chromium-russianfedora owned by churchyard
May 22 08:56:11 DEBUG not found updateinfo for: Copr repo for chromium-russianfedora owned by churchyard
May 22 08:56:11 DDEBUG repo: downloading from remote: rpmfusion-free, _Handle: metalnk: None, mlist: http://mirrors.rpmfusion.org/mirrorlist?repo=free-fedora-23&arch=x86_64, urls [].
May 22 08:56:27 DEBUG not found deltainfo for: RPM Fusion for Fedora 23 - Free
May 22 08:56:27 DEBUG not found updateinfo for: RPM Fusion for Fedora 23 - Free
May 22 08:56:27 DEBUG repo: using cache for: nodesource
May 22 08:56:27 DEBUG not found deltainfo for: Node.js Packages for Fedora Core 23 - x86_64
May 22 08:56:27 DEBUG not found updateinfo for: Node.js Packages for Fedora Core 23 - x86_64
May 22 08:56:27 DEBUG repo: using cache for: rpmfusion-nonfree
May 22 08:56:27 DEBUG not found deltainfo for: RPM Fusion for Fedora 23 - Nonfree
May 22 08:56:27 DEBUG not found updateinfo for: RPM Fusion for Fedora 23 - Nonfree
May 22 08:56:27 DDEBUG repo: downloading from remote: rpmfusion-nonfree-updates-testing, _Handle: metalnk: None, mlist: http://mirrors.rpmfusion.org/mirrorlist?repo=nonfree-fedora-updates-testing-23&arch=x86_64, urls [].
May 22 08:56:31 DEBUG not found deltainfo for: RPM Fusion for Fedora 23 - Nonfree - Test Updates
May 22 08:56:31 DEBUG not found updateinfo for: RPM Fusion for Fedora 23 - Nonfree - Test Updates
May 22 08:56:33 DEBUG reviving: failed for 'updates', mismatched sha256 sum.
May 22 08:56:33 DDEBUG repo: downloading from remote: updates, _Handle: metalnk: https://mirrors.fedoraproject.org/metalink?repo=updates-released-f23&arch=x86_64, mlist: None, urls [].
May 22 08:56:36 DEBUG error: Downloading successful, but checksum doesn't match. Calculated: f297f303b5ce405d3ad4f59f36a5800c4425c7f3a7b9010da1230b85b69d99447da9e189ff56b32c04cc2742713c043460bce212dd9da8f87f338d643df4d56e(sha512) f297f303b5ce405d3ad4f59f36a5800c4425c7f3a7b9010da1230b85b69d99447da9e189ff56b32c04cc2742713c043460bce212dd9da8f87f338d643df4d56e(sha512)  Expected: 178432d40eb67d38607d2e7356499838fc24acca6a9c4a5e18657a1d4fa9a79f9ccb3b9047a27c1dd05f03912f55d564301f1f92d699804f8fd3477850d665fc(sha512) ad11080a6aecc0f76dd970e8c2f793617086c42a16cc6c059b0e244f02f52b3f8138079956464b522410f2729e6ad2d19d61ad2953d166ca52de866e47fa9b71(sha512)  (http://mirror.smartmedia.net.id/fedora/linux/updates/23/x86_64/repodata/repomd.xml).
May 22 08:56:37 DEBUG error: Status code: 404 for http://mirror.smartmedia.net.id/fedora/linux/updates/23/x86_64/repodata/ae6650ce7766a5e642ab442de080cd0805808c157ca0afee63ba3e6d8be24a18-filelists.xml.gz (http://mirror.smartmedia.net.id/fedora/linux/updates/23/x86_64/repodata/ae6650ce7766a5e642ab442de080cd0805808c157ca0afee63ba3e6d8be24a18-filelists.xml.gz).
May 22 08:56:37 DEBUG error: Status code: 404 for http://mirror.smartmedia.net.id/fedora/linux/updates/23/x86_64/repodata/d07772235dfb122c3a0f9ad4a7f4a01061115a4932780d6dee2daef1815dd5a0-prestodelta.xml.xz (http://mirror.smartmedia.net.id/fedora/linux/updates/23/x86_64/repodata/d07772235dfb122c3a0f9ad4a7f4a01061115a4932780d6dee2daef1815dd5a0-prestodelta.xml.xz).
May 22 08:56:37 DEBUG error: Status code: 404 for http://mirror.smartmedia.net.id/fedora/linux/updates/23/x86_64/repodata/58abfc788b93108983bdb6deeafd11f30560a27ed2e5ad298eed0e9f11f6974b-comps-f23.xml.xz (http://mirror.smartmedia.net.id/fedora/linux/updates/23/x86_64/repodata/58abfc788b93108983bdb6deeafd11f30560a27ed2e5ad298eed0e9f11f6974b-comps-f23.xml.xz).
May 22 08:57:16 DDEBUG Cleaning up.
May 22 08:57:24 INFO --- logging initialized ---
May 22 08:57:24 DDEBUG timer: config: 5 ms
May 22 08:57:24 DEBUG cachedir: /var/tmp/dnf-alunux-mjoo87n9
May 22 08:57:24 DEBUG Loaded plugins: protected_packages, Query, debuginfo-install, generate_completion_cache, noroot, config-manager, download, reposync, needs-restarting, copr, builddep, playground
May 22 08:57:24 DEBUG DNF version: 1.1.8
May 22 08:57:24 DDEBUG Command: dnf --installroot=/home/alunux/MyLabora/nekorpm/installroot/f23-x86_64 --releasever=23 --setopt keepcache=1 download --resolve geany 
May 22 08:57:24 DDEBUG Installroot: /home/alunux/MyLabora/nekorpm/installroot/f23-x86_64
May 22 08:57:24 DDEBUG Releasever: 23
May 22 08:57:24 DDEBUG Base command: download
May 22 08:57:24 DDEBUG Extra commands: ['--resolve', 'geany']
May 22 08:57:25 DEBUG repo: using cache for: home_Horst3180
May 22 08:57:25 DEBUG not found deltainfo for: Horst3180's Home Project (Fedora_23)
May 22 08:57:25 DEBUG not found updateinfo for: Horst3180's Home Project (Fedora_23)
May 22 08:57:25 DEBUG repo: using cache for: nodesource
May 22 08:57:25 DEBUG not found deltainfo for: Node.js Packages for Fedora Core 23 - x86_64
May 22 08:57:25 DEBUG not found updateinfo for: Node.js Packages for Fedora Core 23 - x86_64
May 22 08:57:25 DEBUG repo: using cache for: insync
May 22 08:57:25 DEBUG not found deltainfo for: insync repo
May 22 08:57:25 DEBUG not found updateinfo for: insync repo
May 22 08:57:25 DEBUG repo: using cache for: rpmfusion-nonfree
May 22 08:57:25 DEBUG not found deltainfo for: RPM Fusion for Fedora 23 - Nonfree
May 22 08:57:25 DEBUG not found updateinfo for: RPM Fusion for Fedora 23 - Nonfree
May 22 08:57:25 DDEBUG repo: downloading from remote: infinality-ultimate-noarch, _Handle: metalnk: None, mlist: None, urls ['http://rpm.danielrenninghoff.com/infinality/fedora/23/noarch/'].
May 22 08:57:28 DEBUG not found deltainfo for: Infinality Ultimate noarch packages
May 22 08:57:28 DEBUG not found updateinfo for: Infinality Ultimate noarch packages
May 22 08:57:30 DEBUG reviving: failed for 'updates', mismatched sha256 sum.
May 22 08:57:30 DDEBUG repo: downloading from remote: updates, _Handle: metalnk: https://mirrors.fedoraproject.org/metalink?repo=updates-released-f23&arch=x86_64, mlist: None, urls [].
May 22 08:57:35 DEBUG error: Downloading successful, but checksum doesn't match. Calculated: f297f303b5ce405d3ad4f59f36a5800c4425c7f3a7b9010da1230b85b69d99447da9e189ff56b32c04cc2742713c043460bce212dd9da8f87f338d643df4d56e(sha512) f297f303b5ce405d3ad4f59f36a5800c4425c7f3a7b9010da1230b85b69d99447da9e189ff56b32c04cc2742713c043460bce212dd9da8f87f338d643df4d56e(sha512)  Expected: 178432d40eb67d38607d2e7356499838fc24acca6a9c4a5e18657a1d4fa9a79f9ccb3b9047a27c1dd05f03912f55d564301f1f92d699804f8fd3477850d665fc(sha512) ad11080a6aecc0f76dd970e8c2f793617086c42a16cc6c059b0e244f02f52b3f8138079956464b522410f2729e6ad2d19d61ad2953d166ca52de866e47fa9b71(sha512)  (http://mirror.smartmedia.net.id/fedora/linux/updates/23/x86_64/repodata/repomd.xml).
May 22 08:57:36 DEBUG error: Status code: 404 for http://mirror.smartmedia.net.id/fedora/linux/updates/23/x86_64/repodata/ae6650ce7766a5e642ab442de080cd0805808c157ca0afee63ba3e6d8be24a18-filelists.xml.gz (http://mirror.smartmedia.net.id/fedora/linux/updates/23/x86_64/repodata/ae6650ce7766a5e642ab442de080cd0805808c157ca0afee63ba3e6d8be24a18-filelists.xml.gz).
May 22 08:57:36 DEBUG error: Status code: 404 for http://mirror.smartmedia.net.id/fedora/linux/updates/23/x86_64/repodata/d07772235dfb122c3a0f9ad4a7f4a01061115a4932780d6dee2daef1815dd5a0-prestodelta.xml.xz (http://mirror.smartmedia.net.id/fedora/linux/updates/23/x86_64/repodata/d07772235dfb122c3a0f9ad4a7f4a01061115a4932780d6dee2daef1815dd5a0-prestodelta.xml.xz).
May 22 08:57:36 DEBUG error: Status code: 404 for http://mirror.smartmedia.net.id/fedora/linux/updates/23/x86_64/repodata/58abfc788b93108983bdb6deeafd11f30560a27ed2e5ad298eed0e9f11f6974b-comps-f23.xml.xz (http://mirror.smartmedia.net.id/fedora/linux/updates/23/x86_64/repodata/58abfc788b93108983bdb6deeafd11f30560a27ed2e5ad298eed0e9f11f6974b-comps-f23.xml.xz).
May 22 08:59:57 DDEBUG repo: downloading from remote: rpmfusion-free, _Handle: metalnk: None, mlist: http://mirrors.rpmfusion.org/mirrorlist?repo=free-fedora-23&arch=x86_64, urls [].
May 22 09:00:05 DEBUG not found deltainfo for: RPM Fusion for Fedora 23 - Free
May 22 09:00:05 DEBUG not found updateinfo for: RPM Fusion for Fedora 23 - Free
May 22 09:00:05 DDEBUG repo: downloading from remote: alunux-zeal, _Handle: metalnk: None, mlist: None, urls ['https://copr-be.cloud.fedoraproject.org/results/alunux/zeal/fedora-23-x86_64/'].
May 22 09:00:07 DEBUG not found deltainfo for: Copr repo for zeal owned by alunux
May 22 09:00:07 DEBUG not found updateinfo for: Copr repo for zeal owned by alunux
May 22 09:00:07 DDEBUG repo: downloading from remote: alunux-electric-vlsi, _Handle: metalnk: None, mlist: None, urls ['https://copr-be.cloud.fedoraproject.org/results/alunux/electric-vlsi/fedora-23-x86_64/'].
May 22 09:00:10 DEBUG not found deltainfo for: Copr repo for electric-vlsi owned by alunux
May 22 09:00:10 DEBUG not found updateinfo for: Copr repo for electric-vlsi owned by alunux
May 22 09:00:10 DEBUG repo: using cache for: dyskette-gnome-320-i386
May 22 09:00:10 DEBUG not found deltainfo for: Copr repo for gnome-320 owned by dyskette i386
May 22 09:00:10 DEBUG not found updateinfo for: Copr repo for gnome-320 owned by dyskette i386
May 22 09:00:10 DDEBUG repo: downloading from remote: heikoada-terminix, _Handle: metalnk: None, mlist: None, urls ['https://copr-be.cloud.fedoraproject.org/results/heikoada/terminix/fedora-23-x86_64/'].
May 22 09:00:12 DEBUG not found deltainfo for: Copr repo for terminix owned by heikoada
May 22 09:00:12 DEBUG not found updateinfo for: Copr repo for terminix owned by heikoada
May 22 09:00:13 DEBUG repo: using cache for: dyskette-gnome-320-x86_64
May 22 09:00:13 DEBUG not found deltainfo for: Copr repo for gnome-320 owned by dyskette x86_64
May 22 09:00:13 DEBUG not found updateinfo for: Copr repo for gnome-320 owned by dyskette x86_64
May 22 09:00:13 DEBUG repo: using cache for: churchyard-chromium-russianfedora
May 22 09:00:13 DEBUG not found deltainfo for: Copr repo for chromium-russianfedora owned by churchyard
May 22 09:00:13 DEBUG not found updateinfo for: Copr repo for chromium-russianfedora owned by churchyard
May 22 09:00:13 DDEBUG repo: downloading from remote: virtualbox, _Handle: metalnk: None, mlist: None, urls ['http://download.virtualbox.org/virtualbox/rpm/fedora/23/x86_64'].
May 22 09:00:14 DEBUG not found deltainfo for: Fedora 23 - x86_64 - VirtualBox
May 22 09:00:14 DEBUG not found updateinfo for: Fedora 23 - x86_64 - VirtualBox
May 22 09:00:14 DEBUG repo: using cache for: infinality-ultimate
May 22 09:00:14 DEBUG not found deltainfo for: Infinality Ultimate x86_64 packages
May 22 09:00:14 DEBUG not found updateinfo for: Infinality Ultimate x86_64 packages
May 22 09:00:14 DDEBUG repo: downloading from remote: rpmfusion-nonfree-updates-testing, _Handle: metalnk: None, mlist: http://mirrors.rpmfusion.org/mirrorlist?repo=nonfree-fedora-updates-testing-23&arch=x86_64, urls [].
May 22 09:00:16 DEBUG not found deltainfo for: RPM Fusion for Fedora 23 - Nonfree - Test Updates
May 22 09:00:16 DEBUG not found updateinfo for: RPM Fusion for Fedora 23 - Nonfree - Test Updates
May 22 09:00:16 DEBUG repo: using cache for: rommon-telegram
May 22 09:00:16 DEBUG not found deltainfo for: Copr repo for telegram owned by rommon
May 22 09:00:16 DEBUG not found updateinfo for: Copr repo for telegram owned by rommon
May 22 09:00:16 DEBUG repo: using cache for: fedora
May 22 09:00:16 DEBUG not found deltainfo for: Fedora 23 - x86_64
May 22 09:00:16 DEBUG not found updateinfo for: Fedora 23 - x86_64
May 22 09:00:16 DDEBUG repo: downloading from remote: rpmfusion-free-updates-testing, _Handle: metalnk: None, mlist: http://mirrors.rpmfusion.org/mirrorlist?repo=free-fedora-updates-testing-23&arch=x86_64, urls [].
May 22 09:00:20 DEBUG not found deltainfo for: RPM Fusion for Fedora 23 - Free - Test Updates
May 22 09:00:20 DEBUG not found updateinfo for: RPM Fusion for Fedora 23 - Free - Test Updates
May 22 09:00:20 DDEBUG timer: sack setup: 175563 ms
May 22 09:00:20 DEBUG home_Horst3180: using metadata from Fri Apr  1 03:06:41 2016.
May 22 09:00:20 DEBUG nodesource: using metadata from Fri May  6 11:25:49 2016.
May 22 09:00:20 DEBUG insync: using metadata from Wed May 18 14:53:34 2016.
May 22 09:00:20 DEBUG rpmfusion-nonfree: using metadata from Sun Oct 11 22:50:38 2015.
May 22 09:00:20 DEBUG infinality-ultimate-noarch: using metadata from Sat Apr  2 00:19:51 2016.
May 22 09:00:20 DEBUG updates: using metadata from Sat May 21 06:20:19 2016.
May 22 09:00:20 DEBUG rpmfusion-free: using metadata from Sun Oct 11 23:43:19 2015.
May 22 09:00:20 DEBUG alunux-zeal: using metadata from Mon Apr  4 01:38:36 2016.
May 22 09:00:20 DEBUG alunux-electric-vlsi: using metadata from Tue Apr 19 08:33:38 2016.
May 22 09:00:20 DEBUG dyskette-gnome-320-i386: using metadata from Wed May  4 02:47:02 2016.
May 22 09:00:20 DEBUG heikoada-terminix: using metadata from Sun May 22 01:43:33 2016.
May 22 09:00:20 DEBUG dyskette-gnome-320-x86_64: using metadata from Tue May  3 23:21:46 2016.
May 22 09:00:20 DEBUG churchyard-chromium-russianfedora: using metadata from Thu Apr 21 00:02:40 2016.
May 22 09:00:20 DEBUG virtualbox: using metadata from Fri Apr 29 01:06:16 2016.
May 22 09:00:20 DEBUG infinality-ultimate: using metadata from Wed Mar 30 23:57:46 2016.
May 22 09:00:20 DEBUG rpmfusion-nonfree-updates-testing: using metadata from Wed May 11 09:55:39 2016.
May 22 09:00:20 DEBUG rommon-telegram: using metadata from Sat Mar 19 03:32:56 2016.
May 22 09:00:20 DEBUG fedora: using metadata from Sun Nov  1 00:34:41 2015.
May 22 09:00:20 DEBUG rpmfusion-free-updates-testing: using metadata from Wed May 11 09:49:16 2016.
May 22 09:00:20 DEBUG Completion plugin: Generating completion cache...
May 22 09:00:20 DEBUG Completion plugin: Can't write completion cache: attempt to write a readonly database
May 22 09:00:27 SUBDEBUG Call: RPMPayload._end_cb: (<dnf.repo.RPMPayload object at 0x7f909dbc7588>, 0, None), {}
May 22 09:00:27 SUBDEBUG Call: RPMPayload._end_cb: (<dnf.repo.RPMPayload object at 0x7f909dbc76a0>, 0, None), {}
May 22 09:00:27 SUBDEBUG Call: RPMPayload._end_cb: (<dnf.repo.RPMPayload object at 0x7f909dbc7710>, 0, None), {}
May 22 09:00:28 SUBDEBUG Call: RPMPayload._end_cb: (<dnf.repo.RPMPayload object at 0x7f909dbc7748>, 0, None), {}
May 22 09:00:29 SUBDEBUG Call: RPMPayload._end_cb: (<dnf.repo.RPMPayload object at 0x7f909dbc74a8>, 0, None), {}
May 22 09:00:30 SUBDEBUG Call: RPMPayload._end_cb: (<dnf.repo.RPMPayload object at 0x7f909dbc76d8>, 0, None), {}
May 22 09:00:31 SUBDEBUG Call: RPMPayload._end_cb: (<dnf.repo.RPMPayload object at 0x7f909dbc7668>, 0, None), {}
May 22 09:00:32 SUBDEBUG Call: RPMPayload._end_cb: (<dnf.repo.RPMPayload object at 0x7f909dbc7828>, 0, None), {}
May 22 09:00:35 SUBDEBUG Call: RPMPayload._end_cb: (<dnf.repo.RPMPayload object at 0x7f909dbc7860>, 0, None), {}
May 22 09:00:37 SUBDEBUG Call: RPMPayload._end_cb: (<dnf.repo.RPMPayload object at 0x7f909dbc7898>, 0, None), {}
May 22 09:00:38 SUBDEBUG Call: RPMPayload._end_cb: (<dnf.repo.RPMPayload object at 0x7f909dbc77f0>, 0, None), {}
May 22 09:00:39 SUBDEBUG Call: RPMPayload._end_cb: (<dnf.repo.RPMPayload object at 0x7f909dbc7908>, 0, None), {}
May 22 09:00:41 SUBDEBUG Call: RPMPayload._end_cb: (<dnf.repo.RPMPayload object at 0x7f909dbc7470>, 0, None), {}
May 22 09:00:48 SUBDEBUG Call: RPMPayload._end_cb: (<dnf.repo.RPMPayload object at 0x7f90aa303748>, 0, None), {}
May 22 09:00:48 SUBDEBUG Call: RPMPayload._end_cb: (<dnf.repo.RPMPayload object at 0x7f909dbc78d0>, 0, None), {}
May 22 09:00:49 SUBDEBUG Call: RPMPayload._end_cb: (<dnf.repo.RPMPayload object at 0x7f909dbc77b8>, 0, None), {}
May 22 09:00:50 SUBDEBUG Call: RPMPayload._end_cb: (<dnf.repo.RPMPayload object at 0x7f909dbc7a20>, 0, None), {}
May 22 09:00:51 SUBDEBUG Call: RPMPayload._end_cb: (<dnf.repo.RPMPayload object at 0x7f909dbc7a58>, 0, None), {}
May 22 09:00:51 SUBDEBUG Call: RPMPayload._end_cb: (<dnf.repo.RPMPayload object at 0x7f909dbc7940>, 0, None), {}
May 22 09:00:51 SUBDEBUG Call: RPMPayload._end_cb: (<dnf.repo.RPMPayload object at 0x7f909dbc7a90>, 0, None), {}
May 22 09:00:52 SUBDEBUG Call: RPMPayload._end_cb: (<dnf.repo.RPMPayload object at 0x7f909dbc7780>, 0, None), {}
May 22 09:00:52 SUBDEBUG Call: RPMPayload._end_cb: (<dnf.repo.RPMPayload object at 0x7f909dbc7ac8>, 0, None), {}
May 22 09:00:53 SUBDEBUG Call: RPMPayload._end_cb: (<dnf.repo.RPMPayload object at 0x7f909dbc79b0>, 0, None), {}
May 22 09:00:53 SUBDEBUG Call: RPMPayload._end_cb: (<dnf.repo.RPMPayload object at 0x7f909dbc7b70>, 0, None), {}
May 22 09:00:55 SUBDEBUG Call: RPMPayload._end_cb: (<dnf.repo.RPMPayload object at 0x7f909dbc7be0>, 0, None), {}
May 22 09:00:55 SUBDEBUG Call: RPMPayload._end_cb: (<dnf.repo.RPMPayload object at 0x7f909dbc7ba8>, 0, None), {}
May 22 09:00:56 SUBDEBUG Call: RPMPayload._end_cb: (<dnf.repo.RPMPayload object at 0x7f909dbc79e8>, 0, None), {}
May 22 09:00:56 SUBDEBUG Call: RPMPayload._end_cb: (<dnf.repo.RPMPayload object at 0x7f909dbc7c18>, 0, None), {}
May 22 09:00:58 SUBDEBUG Call: RPMPayload._end_cb: (<dnf.repo.RPMPayload object at 0x7f909dbc7b38>, 0, None), {}
May 22 09:01:03 SUBDEBUG Call: RPMPayload._end_cb: (<dnf.repo.RPMPayload object at 0x7f909dbc7b00>, 0, None), {}
May 22 09:01:15 SUBDEBUG Call: RPMPayload._end_cb: (<dnf.repo.RPMPayload object at 0x7f909dbc7978>, 0, None), {}
May 22 09:01:19 SUBDEBUG Call: RPMPayload._end_cb: (<dnf.repo.RPMPayload object at 0x7f909dbc7cc0>, 0, None), {}
May 22 09:01:19 SUBDEBUG Call: RPMPayload._end_cb: (<dnf.repo.RPMPayload object at 0x7f909dbc7d68>, 0, None), {}
May 22 09:01:20 SUBDEBUG Call: RPMPayload._end_cb: (<dnf.repo.RPMPayload object at 0x7f909dbc7dd8>, 0, None), {}
May 22 09:01:22 SUBDEBUG Call: RPMPayload._end_cb: (<dnf.repo.RPMPayload object at 0x7f909dbc7da0>, 0, None), {}
May 22 09:01:25 SUBDEBUG Call: RPMPayload._end_cb: (<dnf.repo.RPMPayload object at 0x7f909dbc7c50>, 0, None), {}
May 22 09:01:25 SUBDEBUG Call: RPMPayload._end_cb: (<dnf.repo.RPMPayload object at 0x7f909dbc7e80>, 0, None), {}
May 22 09:01:29 SUBDEBUG Call: RPMPayload._end_cb: (<dnf.repo.RPMPayload object at 0x7f909dbc7eb8>, 0, None), {}
May 22 09:01:30 SUBDEBUG Call: RPMPayload._end_cb: (<dnf.repo.RPMPayload object at 0x7f909dbc7d30>, 0, None), {}
May 22 09:01:30 SUBDEBUG Call: RPMPayload._end_cb: (<dnf.repo.RPMPayload object at 0x7f909dbc7f28>, 0, None), {}
May 22 09:01:30 SUBDEBUG Call: RPMPayload._end_cb: (<dnf.repo.RPMPayload object at 0x7f909dbc7ef0>, 0, None), {}
May 22 09:01:31 SUBDEBUG Call: RPMPayload._end_cb: (<dnf.repo.RPMPayload object at 0x7f909dbc7f98>, 0, None), {}
May 22 09:01:32 SUBDEBUG Call: RPMPayload._end_cb: (<dnf.repo.RPMPayload object at 0x7f909dbc7f60>, 0, None), {}
May 22 09:01:32 SUBDEBUG Call: RPMPayload._end_cb: (<dnf.repo.RPMPayload object at 0x7f909dbc7fd0>, 0, None), {}
May 22 09:01:32 SUBDEBUG Call: RPMPayload._end_cb: (<dnf.repo.RPMPayload object at 0x7f909dbc7c88>, 0, None), {}
May 22 09:01:34 SUBDEBUG Call: RPMPayload._end_cb: (<dnf.repo.RPMPayload object at 0x7f909dbc7e48>, 0, None), {}
May 22 09:01:34 SUBDEBUG Call: RPMPayload._end_cb: (<dnf.repo.RPMPayload object at 0x7f909dbc7e10>, 0, None), {}
May 22 09:01:39 SUBDEBUG Call: RPMPayload._end_cb: (<dnf.repo.RPMPayload object at 0x7f909dbc7cf8>, 0, None), {}
May 22 09:01:39 DDEBUG Cleaning up.
May 22 09:13:27 INFO --- logging initialized ---
May 22 09:13:27 DDEBUG timer: config: 5 ms
May 22 09:13:27 DEBUG cachedir: /var/tmp/dnf-alunux-mjoo87n9
May 22 09:13:27 DEBUG Loaded plugins: copr, builddep, debuginfo-install, noroot, Query, reposync, config-manager, playground, needs-restarting, download, protected_packages, generate_completion_cache
May 22 09:13:27 DEBUG DNF version: 1.1.8
May 22 09:13:27 DDEBUG Command: dnf --installroot=/home/alunux/MyLabora/nekorpm/installroot/f23-x86_64 --releasever=23 --setopt keepcache=1 download --resolve geany 
May 22 09:13:27 DDEBUG Installroot: /home/alunux/MyLabora/nekorpm/installroot/f23-x86_64
May 22 09:13:27 DDEBUG Releasever: 23
May 22 09:13:27 DDEBUG Base command: download
May 22 09:13:27 DDEBUG Extra commands: ['--resolve', 'geany']
May 22 09:13:27 DEBUG repo: using cache for: rpmfusion-free
May 22 09:13:27 DEBUG not found deltainfo for: RPM Fusion for Fedora 23 - Free
May 22 09:13:27 DEBUG not found updateinfo for: RPM Fusion for Fedora 23 - Free
May 22 09:13:27 DEBUG repo: using cache for: virtualbox
May 22 09:13:27 DEBUG not found deltainfo for: Fedora 23 - x86_64 - VirtualBox
May 22 09:13:27 DEBUG not found updateinfo for: Fedora 23 - x86_64 - VirtualBox
May 22 09:13:27 DEBUG repo: using cache for: alunux-zeal
May 22 09:13:27 DEBUG not found deltainfo for: Copr repo for zeal owned by alunux
May 22 09:13:27 DEBUG not found updateinfo for: Copr repo for zeal owned by alunux
May 22 09:13:27 DEBUG repo: using cache for: heikoada-terminix
May 22 09:13:27 DEBUG not found deltainfo for: Copr repo for terminix owned by heikoada
May 22 09:13:27 DEBUG not found updateinfo for: Copr repo for terminix owned by heikoada
May 22 09:13:27 DEBUG repo: using cache for: alunux-electric-vlsi
May 22 09:13:27 DEBUG not found deltainfo for: Copr repo for electric-vlsi owned by alunux
May 22 09:13:27 DEBUG not found updateinfo for: Copr repo for electric-vlsi owned by alunux
May 22 09:13:27 DEBUG repo: using cache for: nodesource
May 22 09:13:27 DEBUG not found deltainfo for: Node.js Packages for Fedora Core 23 - x86_64
May 22 09:13:27 DEBUG not found updateinfo for: Node.js Packages for Fedora Core 23 - x86_64
May 22 09:13:27 DEBUG repo: using cache for: rommon-telegram
May 22 09:13:27 DEBUG not found deltainfo for: Copr repo for telegram owned by rommon
May 22 09:13:27 DEBUG not found updateinfo for: Copr repo for telegram owned by rommon
May 22 09:13:27 DEBUG repo: using cache for: infinality-ultimate-noarch
May 22 09:13:27 DEBUG not found deltainfo for: Infinality Ultimate noarch packages
May 22 09:13:27 DEBUG not found updateinfo for: Infinality Ultimate noarch packages
May 22 09:13:27 DEBUG repo: using cache for: updates
May 22 09:13:27 DEBUG repo: using cache for: dyskette-gnome-320-i386
May 22 09:13:27 DEBUG not found deltainfo for: Copr repo for gnome-320 owned by dyskette i386
May 22 09:13:27 DEBUG not found updateinfo for: Copr repo for gnome-320 owned by dyskette i386
May 22 09:13:27 DEBUG repo: using cache for: rpmfusion-nonfree-updates-testing
May 22 09:13:27 DEBUG not found deltainfo for: RPM Fusion for Fedora 23 - Nonfree - Test Updates
May 22 09:13:27 DEBUG not found updateinfo for: RPM Fusion for Fedora 23 - Nonfree - Test Updates
May 22 09:13:27 DEBUG repo: using cache for: rpmfusion-nonfree
May 22 09:13:27 DEBUG not found deltainfo for: RPM Fusion for Fedora 23 - Nonfree
May 22 09:13:27 DEBUG not found updateinfo for: RPM Fusion for Fedora 23 - Nonfree
May 22 09:13:27 DEBUG repo: using cache for: fedora
May 22 09:13:27 DEBUG not found deltainfo for: Fedora 23 - x86_64
May 22 09:13:27 DEBUG not found updateinfo for: Fedora 23 - x86_64
May 22 09:13:27 DEBUG repo: using cache for: churchyard-chromium-russianfedora
May 22 09:13:27 DEBUG not found deltainfo for: Copr repo for chromium-russianfedora owned by churchyard
May 22 09:13:27 DEBUG not found updateinfo for: Copr repo for chromium-russianfedora owned by churchyard
May 22 09:13:27 DEBUG repo: using cache for: insync
May 22 09:13:27 DEBUG not found deltainfo for: insync repo
May 22 09:13:27 DEBUG not found updateinfo for: insync repo
May 22 09:13:27 DEBUG repo: using cache for: infinality-ultimate
May 22 09:13:27 DEBUG not found deltainfo for: Infinality Ultimate x86_64 packages
May 22 09:13:27 DEBUG not found updateinfo for: Infinality Ultimate x86_64 packages
May 22 09:13:27 DEBUG repo: using cache for: dyskette-gnome-320-x86_64
May 22 09:13:27 DEBUG not found deltainfo for: Copr repo for gnome-320 owned by dyskette x86_64
May 22 09:13:27 DEBUG not found updateinfo for: Copr repo for gnome-320 owned by dyskette x86_64
May 22 09:13:27 DEBUG repo: using cache for: home_Horst3180
May 22 09:13:27 DEBUG not found deltainfo for: Horst3180's Home Project (Fedora_23)
May 22 09:13:27 DEBUG not found updateinfo for: Horst3180's Home Project (Fedora_23)
May 22 09:13:27 DEBUG repo: using cache for: rpmfusion-free-updates-testing
May 22 09:13:27 DEBUG not found deltainfo for: RPM Fusion for Fedora 23 - Free - Test Updates
May 22 09:13:27 DEBUG not found updateinfo for: RPM Fusion for Fedora 23 - Free - Test Updates
May 22 09:13:27 DDEBUG timer: sack setup: 474 ms
May 22 09:13:27 DEBUG rpmfusion-free: using metadata from Sun Oct 11 23:43:19 2015.
May 22 09:13:27 DEBUG virtualbox: using metadata from Fri Apr 29 01:06:16 2016.
May 22 09:13:27 DEBUG alunux-zeal: using metadata from Mon Apr  4 01:38:36 2016.
May 22 09:13:27 DEBUG heikoada-terminix: using metadata from Sun May 22 01:43:33 2016.
May 22 09:13:27 DEBUG alunux-electric-vlsi: using metadata from Tue Apr 19 08:33:38 2016.
May 22 09:13:27 DEBUG nodesource: using metadata from Fri May  6 11:25:49 2016.
May 22 09:13:27 DEBUG rommon-telegram: using metadata from Sat Mar 19 03:32:56 2016.
May 22 09:13:27 DEBUG infinality-ultimate-noarch: using metadata from Sat Apr  2 00:19:51 2016.
May 22 09:13:27 DEBUG updates: using metadata from Sat May 21 06:20:19 2016.
May 22 09:13:27 DEBUG dyskette-gnome-320-i386: using metadata from Wed May  4 02:47:02 2016.
May 22 09:13:27 DEBUG rpmfusion-nonfree-updates-testing: using metadata from Wed May 11 09:55:39 2016.
May 22 09:13:27 DEBUG rpmfusion-nonfree: using metadata from Sun Oct 11 22:50:38 2015.
May 22 09:13:27 DEBUG fedora: using metadata from Sun Nov  1 00:34:41 2015.
May 22 09:13:27 DEBUG churchyard-chromium-russianfedora: using metadata from Thu Apr 21 00:02:40 2016.
May 22 09:13:27 DEBUG insync: using metadata from Wed May 18 14:53:34 2016.
May 22 09:13:27 DEBUG infinality-ultimate: using metadata from Wed Mar 30 23:57:46 2016.
May 22 09:13:27 DEBUG dyskette-gnome-320-x86_64: using metadata from Tue May  3 23:21:46 2016.
May 22 09:13:27 DEBUG home_Horst3180: using metadata from Fri Apr  1 03:06:41 2016.
May 22 09:13:27 DEBUG rpmfusion-free-updates-testing: using metadata from Wed May 11 09:49:16 2016.
May 22 09:13:27 INFO Last metadata expiration check: 0:13:07 ago on Sun May 22 09:00:20 2016.
May 22 09:13:28 SUBDEBUG Call: RPMPayload._end_cb: (<dnf.repo.RPMPayload object at 0x7faf1e268748>, 1, 'Already downloaded'), {}
May 22 09:13:28 SUBDEBUG Call: RPMPayload._end_cb: (<dnf.repo.RPMPayload object at 0x7faf11b86240>, 1, 'Already downloaded'), {}
May 22 09:13:28 SUBDEBUG Call: RPMPayload._end_cb: (<dnf.repo.RPMPayload object at 0x7faf11b862b0>, 1, 'Already downloaded'), {}
May 22 09:13:28 SUBDEBUG Call: RPMPayload._end_cb: (<dnf.repo.RPMPayload object at 0x7faf11b862e8>, 1, 'Already downloaded'), {}
May 22 09:13:28 SUBDEBUG Call: RPMPayload._end_cb: (<dnf.repo.RPMPayload object at 0x7faf11b86320>, 1, 'Already downloaded'), {}
May 22 09:13:28 SUBDEBUG Call: RPMPayload._end_cb: (<dnf.repo.RPMPayload object at 0x7faf11b86358>, 1, 'Already downloaded'), {}
May 22 09:13:28 SUBDEBUG Call: RPMPayload._end_cb: (<dnf.repo.RPMPayload object at 0x7faf11b86390>, 1, 'Already downloaded'), {}
May 22 09:13:28 SUBDEBUG Call: RPMPayload._end_cb: (<dnf.repo.RPMPayload object at 0x7faf11b863c8>, 1, 'Already downloaded'), {}
May 22 09:13:28 SUBDEBUG Call: RPMPayload._end_cb: (<dnf.repo.RPMPayload object at 0x7faf11b86400>, 1, 'Already downloaded'), {}
May 22 09:13:28 SUBDEBUG Call: RPMPayload._end_cb: (<dnf.repo.RPMPayload object at 0x7faf11b86438>, 1, 'Already downloaded'), {}
May 22 09:13:28 SUBDEBUG Call: RPMPayload._end_cb: (<dnf.repo.RPMPayload object at 0x7faf11b86470>, 1, 'Already downloaded'), {}
May 22 09:13:28 SUBDEBUG Call: RPMPayload._end_cb: (<dnf.repo.RPMPayload object at 0x7faf11b864a8>, 1, 'Already downloaded'), {}
May 22 09:13:28 SUBDEBUG Call: RPMPayload._end_cb: (<dnf.repo.RPMPayload object at 0x7faf11b864e0>, 1, 'Already downloaded'), {}
May 22 09:13:28 SUBDEBUG Call: RPMPayload._end_cb: (<dnf.repo.RPMPayload object at 0x7faf11b86518>, 1, 'Already downloaded'), {}
May 22 09:13:28 SUBDEBUG Call: RPMPayload._end_cb: (<dnf.repo.RPMPayload object at 0x7faf11b86550>, 1, 'Already downloaded'), {}
May 22 09:13:28 SUBDEBUG Call: RPMPayload._end_cb: (<dnf.repo.RPMPayload object at 0x7faf11b86588>, 1, 'Already downloaded'), {}
May 22 09:13:28 SUBDEBUG Call: RPMPayload._end_cb: (<dnf.repo.RPMPayload object at 0x7faf11b865c0>, 1, 'Already downloaded'), {}
May 22 09:13:28 SUBDEBUG Call: RPMPayload._end_cb: (<dnf.repo.RPMPayload object at 0x7faf11b865f8>, 1, 'Already downloaded'), {}
May 22 09:13:28 SUBDEBUG Call: RPMPayload._end_cb: (<dnf.repo.RPMPayload object at 0x7faf11b86630>, 1, 'Already downloaded'), {}
May 22 09:13:28 SUBDEBUG Call: RPMPayload._end_cb: (<dnf.repo.RPMPayload object at 0x7faf11b86668>, 1, 'Already downloaded'), {}
May 22 09:13:28 SUBDEBUG Call: RPMPayload._end_cb: (<dnf.repo.RPMPayload object at 0x7faf11b866a0>, 1, 'Already downloaded'), {}
May 22 09:13:28 SUBDEBUG Call: RPMPayload._end_cb: (<dnf.repo.RPMPayload object at 0x7faf11b866d8>, 1, 'Already downloaded'), {}
May 22 09:13:28 SUBDEBUG Call: RPMPayload._end_cb: (<dnf.repo.RPMPayload object at 0x7faf11b86710>, 1, 'Already downloaded'), {}
May 22 09:13:28 SUBDEBUG Call: RPMPayload._end_cb: (<dnf.repo.RPMPayload object at 0x7faf11b86748>, 1, 'Already downloaded'), {}
May 22 09:13:28 SUBDEBUG Call: RPMPayload._end_cb: (<dnf.repo.RPMPayload object at 0x7faf11b86780>, 1, 'Already downloaded'), {}
May 22 09:13:28 SUBDEBUG Call: RPMPayload._end_cb: (<dnf.repo.RPMPayload object at 0x7faf11b867b8>, 1, 'Already downloaded'), {}
May 22 09:13:28 SUBDEBUG Call: RPMPayload._end_cb: (<dnf.repo.RPMPayload object at 0x7faf11b867f0>, 1, 'Already downloaded'), {}
May 22 09:13:28 SUBDEBUG Call: RPMPayload._end_cb: (<dnf.repo.RPMPayload object at 0x7faf11b86828>, 1, 'Already downloaded'), {}
May 22 09:13:28 SUBDEBUG Call: RPMPayload._end_cb: (<dnf.repo.RPMPayload object at 0x7faf11b86860>, 1, 'Already downloaded'), {}
May 22 09:13:28 SUBDEBUG Call: RPMPayload._end_cb: (<dnf.repo.RPMPayload object at 0x7faf11b86898>, 1, 'Already downloaded'), {}
May 22 09:13:28 SUBDEBUG Call: RPMPayload._end_cb: (<dnf.repo.RPMPayload object at 0x7faf11b868d0>, 1, 'Already downloaded'), {}
May 22 09:13:28 SUBDEBUG Call: RPMPayload._end_cb: (<dnf.repo.RPMPayload object at 0x7faf11b86908>, 1, 'Already downloaded'), {}
May 22 09:13:28 SUBDEBUG Call: RPMPayload._end_cb: (<dnf.repo.RPMPayload object at 0x7faf11b86940>, 1, 'Already downloaded'), {}
May 22 09:13:28 SUBDEBUG Call: RPMPayload._end_cb: (<dnf.repo.RPMPayload object at 0x7faf11b86978>, 1, 'Already downloaded'), {}
May 22 09:13:28 SUBDEBUG Call: RPMPayload._end_cb: (<dnf.repo.RPMPayload object at 0x7faf11b869b0>, 1, 'Already downloaded'), {}
May 22 09:13:28 SUBDEBUG Call: RPMPayload._end_cb: (<dnf.repo.RPMPayload object at 0x7faf11b869e8>, 1, 'Already downloaded'), {}
May 22 09:13:28 SUBDEBUG Call: RPMPayload._end_cb: (<dnf.repo.RPMPayload object at 0x7faf11b86a20>, 1, 'Already downloaded'), {}
May 22 09:13:28 SUBDEBUG Call: RPMPayload._end_cb: (<dnf.repo.RPMPayload object at 0x7faf11b86a58>, 1, 'Already downloaded'), {}
May 22 09:13:28 SUBDEBUG Call: RPMPayload._end_cb: (<dnf.repo.RPMPayload object at 0x7faf11b86a90>, 1, 'Already downloaded'), {}
May 22 09:13:28 SUBDEBUG Call: RPMPayload._end_cb: (<dnf.repo.RPMPayload object at 0x7faf11b86ac8>, 1, 'Already downloaded'), {}
May 22 09:13:28 SUBDEBUG Call: RPMPayload._end_cb: (<dnf.repo.RPMPayload object at 0x7faf11b86b00>, 1, 'Already downloaded'), {}
May 22 09:13:28 SUBDEBUG Call: RPMPayload._end_cb: (<dnf.repo.RPMPayload object at 0x7faf11b86b38>, 1, 'Already downloaded'), {}
May 22 09:13:28 SUBDEBUG Call: RPMPayload._end_cb: (<dnf.repo.RPMPayload object at 0x7faf11b86b70>, 1, 'Already downloaded'), {}
May 22 09:13:28 SUBDEBUG Call: RPMPayload._end_cb: (<dnf.repo.RPMPayload object at 0x7faf11b86ba8>, 1, 'Already downloaded'), {}
May 22 09:13:28 SUBDEBUG Call: RPMPayload._end_cb: (<dnf.repo.RPMPayload object at 0x7faf11b86be0>, 1, 'Already downloaded'), {}
May 22 09:13:28 SUBDEBUG Call: RPMPayload._end_cb: (<dnf.repo.RPMPayload object at 0x7faf11b86c18>, 1, 'Already downloaded'), {}
May 22 09:13:28 SUBDEBUG Call: RPMPayload._end_cb: (<dnf.repo.RPMPayload object at 0x7faf11b86c50>, 1, 'Already downloaded'), {}
May 22 09:13:28 SUBDEBUG Call: RPMPayload._end_cb: (<dnf.repo.RPMPayload object at 0x7faf11b86c88>, 1, 'Already downloaded'), {}
May 22 09:13:28 DDEBUG Cleaning up.
May 22 09:14:31 INFO --- logging initialized ---
May 22 09:14:31 DDEBUG timer: config: 5 ms
May 22 09:14:31 DEBUG cachedir: /var/tmp/dnf-alunux-mjoo87n9
May 22 09:14:31 DEBUG Loaded plugins: download, playground, config-manager, debuginfo-install, needs-restarting, generate_completion_cache, protected_packages, Query, reposync, copr, builddep, noroot
May 22 09:14:31 DEBUG DNF version: 1.1.8
May 22 09:14:31 DDEBUG Command: dnf --installroot=/home/alunux/MyLabora/nekorpm/installroot/f23-x86_64 --releasever=23 --setopt keepcache=1 download --resolve geany 
May 22 09:14:31 DDEBUG Installroot: /home/alunux/MyLabora/nekorpm/installroot/f23-x86_64
May 22 09:14:31 DDEBUG Releasever: 23
May 22 09:14:31 DDEBUG Base command: download
May 22 09:14:31 DDEBUG Extra commands: ['--resolve', 'geany']
May 22 09:14:31 DEBUG repo: using cache for: fedora
May 22 09:14:31 DEBUG not found deltainfo for: Fedora 23 - x86_64
May 22 09:14:31 DEBUG not found updateinfo for: Fedora 23 - x86_64
May 22 09:14:31 DEBUG repo: using cache for: rpmfusion-nonfree
May 22 09:14:31 DEBUG not found deltainfo for: RPM Fusion for Fedora 23 - Nonfree
May 22 09:14:31 DEBUG not found updateinfo for: RPM Fusion for Fedora 23 - Nonfree
May 22 09:14:31 DEBUG repo: using cache for: alunux-zeal
May 22 09:14:31 DEBUG not found deltainfo for: Copr repo for zeal owned by alunux
May 22 09:14:31 DEBUG not found updateinfo for: Copr repo for zeal owned by alunux
May 22 09:14:31 DEBUG repo: using cache for: rpmfusion-nonfree-updates-testing
May 22 09:14:31 DEBUG not found deltainfo for: RPM Fusion for Fedora 23 - Nonfree - Test Updates
May 22 09:14:31 DEBUG not found updateinfo for: RPM Fusion for Fedora 23 - Nonfree - Test Updates
May 22 09:14:31 DEBUG repo: using cache for: nodesource
May 22 09:14:31 DEBUG not found deltainfo for: Node.js Packages for Fedora Core 23 - x86_64
May 22 09:14:31 DEBUG not found updateinfo for: Node.js Packages for Fedora Core 23 - x86_64
May 22 09:14:31 DEBUG repo: using cache for: rpmfusion-free
May 22 09:14:31 DEBUG not found deltainfo for: RPM Fusion for Fedora 23 - Free
May 22 09:14:31 DEBUG not found updateinfo for: RPM Fusion for Fedora 23 - Free
May 22 09:14:31 DEBUG repo: using cache for: infinality-ultimate
May 22 09:14:31 DEBUG not found deltainfo for: Infinality Ultimate x86_64 packages
May 22 09:14:31 DEBUG not found updateinfo for: Infinality Ultimate x86_64 packages
May 22 09:14:31 DEBUG repo: using cache for: infinality-ultimate-noarch
May 22 09:14:31 DEBUG not found deltainfo for: Infinality Ultimate noarch packages
May 22 09:14:31 DEBUG not found updateinfo for: Infinality Ultimate noarch packages
May 22 09:14:31 DEBUG repo: using cache for: churchyard-chromium-russianfedora
May 22 09:14:31 DEBUG not found deltainfo for: Copr repo for chromium-russianfedora owned by churchyard
May 22 09:14:31 DEBUG not found updateinfo for: Copr repo for chromium-russianfedora owned by churchyard
May 22 09:14:31 DEBUG repo: using cache for: home_Horst3180
May 22 09:14:31 DEBUG not found deltainfo for: Horst3180's Home Project (Fedora_23)
May 22 09:14:31 DEBUG not found updateinfo for: Horst3180's Home Project (Fedora_23)
May 22 09:14:31 DEBUG repo: using cache for: dyskette-gnome-320-x86_64
May 22 09:14:31 DEBUG not found deltainfo for: Copr repo for gnome-320 owned by dyskette x86_64
May 22 09:14:31 DEBUG not found updateinfo for: Copr repo for gnome-320 owned by dyskette x86_64
May 22 09:14:31 DEBUG repo: using cache for: alunux-electric-vlsi
May 22 09:14:31 DEBUG not found deltainfo for: Copr repo for electric-vlsi owned by alunux
May 22 09:14:31 DEBUG not found updateinfo for: Copr repo for electric-vlsi owned by alunux
May 22 09:14:31 DEBUG repo: using cache for: heikoada-terminix
May 22 09:14:31 DEBUG not found deltainfo for: Copr repo for terminix owned by heikoada
May 22 09:14:31 DEBUG not found updateinfo for: Copr repo for terminix owned by heikoada
May 22 09:14:31 DEBUG repo: using cache for: rommon-telegram
May 22 09:14:31 DEBUG not found deltainfo for: Copr repo for telegram owned by rommon
May 22 09:14:31 DEBUG not found updateinfo for: Copr repo for telegram owned by rommon
May 22 09:14:31 DEBUG repo: using cache for: insync
May 22 09:14:31 DEBUG not found deltainfo for: insync repo
May 22 09:14:31 DEBUG not found updateinfo for: insync repo
May 22 09:14:31 DEBUG repo: using cache for: rpmfusion-free-updates-testing
May 22 09:14:31 DEBUG not found deltainfo for: RPM Fusion for Fedora 23 - Free - Test Updates
May 22 09:14:31 DEBUG not found updateinfo for: RPM Fusion for Fedora 23 - Free - Test Updates
May 22 09:14:31 DEBUG repo: using cache for: updates
May 22 09:14:32 DEBUG repo: using cache for: dyskette-gnome-320-i386
May 22 09:14:32 DEBUG not found deltainfo for: Copr repo for gnome-320 owned by dyskette i386
May 22 09:14:32 DEBUG not found updateinfo for: Copr repo for gnome-320 owned by dyskette i386
May 22 09:14:32 DEBUG repo: using cache for: virtualbox
May 22 09:14:32 DEBUG not found deltainfo for: Fedora 23 - x86_64 - VirtualBox
May 22 09:14:32 DEBUG not found updateinfo for: Fedora 23 - x86_64 - VirtualBox
May 22 09:14:32 DDEBUG timer: sack setup: 444 ms
May 22 09:14:32 DEBUG fedora: using metadata from Sun Nov  1 00:34:41 2015.
May 22 09:14:32 DEBUG rpmfusion-nonfree: using metadata from Sun Oct 11 22:50:38 2015.
May 22 09:14:32 DEBUG alunux-zeal: using metadata from Mon Apr  4 01:38:36 2016.
May 22 09:14:32 DEBUG rpmfusion-nonfree-updates-testing: using metadata from Wed May 11 09:55:39 2016.
May 22 09:14:32 DEBUG nodesource: using metadata from Fri May  6 11:25:49 2016.
May 22 09:14:32 DEBUG rpmfusion-free: using metadata from Sun Oct 11 23:43:19 2015.
May 22 09:14:32 DEBUG infinality-ultimate: using metadata from Wed Mar 30 23:57:46 2016.
May 22 09:14:32 DEBUG infinality-ultimate-noarch: using metadata from Sat Apr  2 00:19:51 2016.
May 22 09:14:32 DEBUG churchyard-chromium-russianfedora: using metadata from Thu Apr 21 00:02:40 2016.
May 22 09:14:32 DEBUG home_Horst3180: using metadata from Fri Apr  1 03:06:41 2016.
May 22 09:14:32 DEBUG dyskette-gnome-320-x86_64: using metadata from Tue May  3 23:21:46 2016.
May 22 09:14:32 DEBUG alunux-electric-vlsi: using metadata from Tue Apr 19 08:33:38 2016.
May 22 09:14:32 DEBUG heikoada-terminix: using metadata from Sun May 22 01:43:33 2016.
May 22 09:14:32 DEBUG rommon-telegram: using metadata from Sat Mar 19 03:32:56 2016.
May 22 09:14:32 DEBUG insync: using metadata from Wed May 18 14:53:34 2016.
May 22 09:14:32 DEBUG rpmfusion-free-updates-testing: using metadata from Wed May 11 09:49:16 2016.
May 22 09:14:32 DEBUG updates: using metadata from Sat May 21 06:20:19 2016.
May 22 09:14:32 DEBUG dyskette-gnome-320-i386: using metadata from Wed May  4 02:47:02 2016.
May 22 09:14:32 DEBUG virtualbox: using metadata from Fri Apr 29 01:06:16 2016.
May 22 09:14:32 INFO Last metadata expiration check: 0:14:12 ago on Sun May 22 09:00:20 2016.
May 22 09:14:32 SUBDEBUG Call: RPMPayload._end_cb: (<dnf.repo.RPMPayload object at 0x7fee53588748>, 1, 'Already downloaded'), {}
May 22 09:14:32 SUBDEBUG Call: RPMPayload._end_cb: (<dnf.repo.RPMPayload object at 0x7fee46ea4240>, 1, 'Already downloaded'), {}
May 22 09:14:32 SUBDEBUG Call: RPMPayload._end_cb: (<dnf.repo.RPMPayload object at 0x7fee46ea42b0>, 1, 'Already downloaded'), {}
May 22 09:14:32 SUBDEBUG Call: RPMPayload._end_cb: (<dnf.repo.RPMPayload object at 0x7fee46ea42e8>, 1, 'Already downloaded'), {}
May 22 09:14:32 SUBDEBUG Call: RPMPayload._end_cb: (<dnf.repo.RPMPayload object at 0x7fee46ea4320>, 1, 'Already downloaded'), {}
May 22 09:14:32 SUBDEBUG Call: RPMPayload._end_cb: (<dnf.repo.RPMPayload object at 0x7fee46ea4358>, 1, 'Already downloaded'), {}
May 22 09:14:32 SUBDEBUG Call: RPMPayload._end_cb: (<dnf.repo.RPMPayload object at 0x7fee46ea4390>, 1, 'Already downloaded'), {}
May 22 09:14:32 SUBDEBUG Call: RPMPayload._end_cb: (<dnf.repo.RPMPayload object at 0x7fee46ea43c8>, 1, 'Already downloaded'), {}
May 22 09:14:32 SUBDEBUG Call: RPMPayload._end_cb: (<dnf.repo.RPMPayload object at 0x7fee46ea4400>, 1, 'Already downloaded'), {}
May 22 09:14:32 SUBDEBUG Call: RPMPayload._end_cb: (<dnf.repo.RPMPayload object at 0x7fee46ea4438>, 1, 'Already downloaded'), {}
May 22 09:14:32 SUBDEBUG Call: RPMPayload._end_cb: (<dnf.repo.RPMPayload object at 0x7fee46ea4470>, 1, 'Already downloaded'), {}
May 22 09:14:32 SUBDEBUG Call: RPMPayload._end_cb: (<dnf.repo.RPMPayload object at 0x7fee46ea44a8>, 1, 'Already downloaded'), {}
May 22 09:14:32 SUBDEBUG Call: RPMPayload._end_cb: (<dnf.repo.RPMPayload object at 0x7fee46ea44e0>, 1, 'Already downloaded'), {}
May 22 09:14:32 SUBDEBUG Call: RPMPayload._end_cb: (<dnf.repo.RPMPayload object at 0x7fee46ea4518>, 1, 'Already downloaded'), {}
May 22 09:14:32 SUBDEBUG Call: RPMPayload._end_cb: (<dnf.repo.RPMPayload object at 0x7fee46ea4550>, 1, 'Already downloaded'), {}
May 22 09:14:32 SUBDEBUG Call: RPMPayload._end_cb: (<dnf.repo.RPMPayload object at 0x7fee46ea4588>, 1, 'Already downloaded'), {}
May 22 09:14:32 SUBDEBUG Call: RPMPayload._end_cb: (<dnf.repo.RPMPayload object at 0x7fee46ea45c0>, 1, 'Already downloaded'), {}
May 22 09:14:32 SUBDEBUG Call: RPMPayload._end_cb: (<dnf.repo.RPMPayload object at 0x7fee46ea45f8>, 1, 'Already downloaded'), {}
May 22 09:14:32 SUBDEBUG Call: RPMPayload._end_cb: (<dnf.repo.RPMPayload object at 0x7fee46ea4630>, 1, 'Already downloaded'), {}
May 22 09:14:32 SUBDEBUG Call: RPMPayload._end_cb: (<dnf.repo.RPMPayload object at 0x7fee46ea4668>, 1, 'Already downloaded'), {}
May 22 09:14:32 SUBDEBUG Call: RPMPayload._end_cb: (<dnf.repo.RPMPayload object at 0x7fee46ea46a0>, 1, 'Already downloaded'), {}
May 22 09:14:32 SUBDEBUG Call: RPMPayload._end_cb: (<dnf.repo.RPMPayload object at 0x7fee46ea46d8>, 1, 'Already downloaded'), {}
May 22 09:14:32 SUBDEBUG Call: RPMPayload._end_cb: (<dnf.repo.RPMPayload object at 0x7fee46ea4710>, 1, 'Already downloaded'), {}
May 22 09:14:32 SUBDEBUG Call: RPMPayload._end_cb: (<dnf.repo.RPMPayload object at 0x7fee46ea4748>, 1, 'Already downloaded'), {}
May 22 09:14:32 SUBDEBUG Call: RPMPayload._end_cb: (<dnf.repo.RPMPayload object at 0x7fee46ea4780>, 1, 'Already downloaded'), {}
May 22 09:14:32 SUBDEBUG Call: RPMPayload._end_cb: (<dnf.repo.RPMPayload object at 0x7fee46ea47b8>, 1, 'Already downloaded'), {}
May 22 09:14:32 SUBDEBUG Call: RPMPayload._end_cb: (<dnf.repo.RPMPayload object at 0x7fee46ea47f0>, 1, 'Already downloaded'), {}
May 22 09:14:32 SUBDEBUG Call: RPMPayload._end_cb: (<dnf.repo.RPMPayload object at 0x7fee46ea4828>, 1, 'Already downloaded'), {}
May 22 09:14:32 SUBDEBUG Call: RPMPayload._end_cb: (<dnf.repo.RPMPayload object at 0x7fee46ea4860>, 1, 'Already downloaded'), {}
May 22 09:14:32 SUBDEBUG Call: RPMPayload._end_cb: (<dnf.repo.RPMPayload object at 0x7fee46ea4898>, 1, 'Already downloaded'), {}
May 22 09:14:32 SUBDEBUG Call: RPMPayload._end_cb: (<dnf.repo.RPMPayload object at 0x7fee46ea48d0>, 1, 'Already downloaded'), {}
May 22 09:14:32 SUBDEBUG Call: RPMPayload._end_cb: (<dnf.repo.RPMPayload object at 0x7fee46ea4908>, 1, 'Already downloaded'), {}
May 22 09:14:32 SUBDEBUG Call: RPMPayload._end_cb: (<dnf.repo.RPMPayload object at 0x7fee46ea4940>, 1, 'Already downloaded'), {}
May 22 09:14:32 SUBDEBUG Call: RPMPayload._end_cb: (<dnf.repo.RPMPayload object at 0x7fee46ea4978>, 1, 'Already downloaded'), {}
May 22 09:14:32 SUBDEBUG Call: RPMPayload._end_cb: (<dnf.repo.RPMPayload object at 0x7fee46ea49b0>, 1, 'Already downloaded'), {}
May 22 09:14:32 SUBDEBUG Call: RPMPayload._end_cb: (<dnf.repo.RPMPayload object at 0x7fee46ea49e8>, 1, 'Already downloaded'), {}
May 22 09:14:32 SUBDEBUG Call: RPMPayload._end_cb: (<dnf.repo.RPMPayload object at 0x7fee46ea4a20>, 1, 'Already downloaded'), {}
May 22 09:14:32 SUBDEBUG Call: RPMPayload._end_cb: (<dnf.repo.RPMPayload object at 0x7fee46ea4a58>, 1, 'Already downloaded'), {}
May 22 09:14:32 SUBDEBUG Call: RPMPayload._end_cb: (<dnf.repo.RPMPayload object at 0x7fee46ea4a90>, 1, 'Already downloaded'), {}
May 22 09:14:32 SUBDEBUG Call: RPMPayload._end_cb: (<dnf.repo.RPMPayload object at 0x7fee46ea4ac8>, 1, 'Already downloaded'), {}
May 22 09:14:32 SUBDEBUG Call: RPMPayload._end_cb: (<dnf.repo.RPMPayload object at 0x7fee46ea4b00>, 1, 'Already downloaded'), {}
May 22 09:14:32 SUBDEBUG Call: RPMPayload._end_cb: (<dnf.repo.RPMPayload object at 0x7fee46ea4b38>, 1, 'Already downloaded'), {}
May 22 09:14:32 SUBDEBUG Call: RPMPayload._end_cb: (<dnf.repo.RPMPayload object at 0x7fee46ea4b70>, 1, 'Already downloaded'), {}
May 22 09:14:32 SUBDEBUG Call: RPMPayload._end_cb: (<dnf.repo.RPMPayload object at 0x7fee46ea4ba8>, 1, 'Already downloaded'), {}
May 22 09:14:32 SUBDEBUG Call: RPMPayload._end_cb: (<dnf.repo.RPMPayload object at 0x7fee46ea4be0>, 1, 'Already downloaded'), {}
May 22 09:14:32 SUBDEBUG Call: RPMPayload._end_cb: (<dnf.repo.RPMPayload object at 0x7fee46ea4c18>, 1, 'Already downloaded'), {}
May 22 09:14:32 SUBDEBUG Call: RPMPayload._end_cb: (<dnf.repo.RPMPayload object at 0x7fee46ea4c50>, 1, 'Already downloaded'), {}
May 22 09:14:32 SUBDEBUG Call: RPMPayload._end_cb: (<dnf.repo.RPMPayload object at 0x7fee46ea4c88>, 1, 'Already downloaded'), {}
May 22 09:14:32 DDEBUG Cleaning up.
May 22 09:14:35 INFO --- logging initialized ---
May 22 09:14:35 DDEBUG timer: config: 5 ms
May 22 09:14:35 DEBUG cachedir: /var/tmp/dnf-alunux-mjoo87n9
May 22 09:14:35 DEBUG Loaded plugins: reposync, copr, needs-restarting, generate_completion_cache, protected_packages, playground, Query, config-manager, debuginfo-install, download, builddep, noroot
May 22 09:14:35 DEBUG DNF version: 1.1.8
May 22 09:14:35 DDEBUG Command: dnf --installroot=/home/alunux/MyLabora/nekorpm/installroot/f23-x86_64 --releasever=23 --setopt keepcache=1 download --resolve gedit 
May 22 09:14:35 DDEBUG Installroot: /home/alunux/MyLabora/nekorpm/installroot/f23-x86_64
May 22 09:14:35 DDEBUG Releasever: 23
May 22 09:14:35 DDEBUG Base command: download
May 22 09:14:35 DDEBUG Extra commands: ['--resolve', 'gedit']
May 22 09:14:35 DEBUG repo: using cache for: home_Horst3180
May 22 09:14:35 DEBUG not found deltainfo for: Horst3180's Home Project (Fedora_23)
May 22 09:14:35 DEBUG not found updateinfo for: Horst3180's Home Project (Fedora_23)
May 22 09:14:35 DEBUG repo: using cache for: rommon-telegram
May 22 09:14:35 DEBUG not found deltainfo for: Copr repo for telegram owned by rommon
May 22 09:14:35 DEBUG not found updateinfo for: Copr repo for telegram owned by rommon
May 22 09:14:35 DEBUG repo: using cache for: alunux-zeal
May 22 09:14:35 DEBUG not found deltainfo for: Copr repo for zeal owned by alunux
May 22 09:14:35 DEBUG not found updateinfo for: Copr repo for zeal owned by alunux
May 22 09:14:35 DEBUG repo: using cache for: infinality-ultimate-noarch
May 22 09:14:35 DEBUG not found deltainfo for: Infinality Ultimate noarch packages
May 22 09:14:35 DEBUG not found updateinfo for: Infinality Ultimate noarch packages
May 22 09:14:35 DEBUG repo: using cache for: rpmfusion-nonfree
May 22 09:14:35 DEBUG not found deltainfo for: RPM Fusion for Fedora 23 - Nonfree
May 22 09:14:35 DEBUG not found updateinfo for: RPM Fusion for Fedora 23 - Nonfree
May 22 09:14:35 DEBUG repo: using cache for: insync
May 22 09:14:35 DEBUG not found deltainfo for: insync repo
May 22 09:14:35 DEBUG not found updateinfo for: insync repo
May 22 09:14:35 DEBUG repo: using cache for: dyskette-gnome-320-i386
May 22 09:14:35 DEBUG not found deltainfo for: Copr repo for gnome-320 owned by dyskette i386
May 22 09:14:35 DEBUG not found updateinfo for: Copr repo for gnome-320 owned by dyskette i386
May 22 09:14:35 DEBUG repo: using cache for: alunux-electric-vlsi
May 22 09:14:35 DEBUG not found deltainfo for: Copr repo for electric-vlsi owned by alunux
May 22 09:14:35 DEBUG not found updateinfo for: Copr repo for electric-vlsi owned by alunux
May 22 09:14:35 DEBUG repo: using cache for: churchyard-chromium-russianfedora
May 22 09:14:35 DEBUG not found deltainfo for: Copr repo for chromium-russianfedora owned by churchyard
May 22 09:14:35 DEBUG not found updateinfo for: Copr repo for chromium-russianfedora owned by churchyard
May 22 09:14:35 DEBUG repo: using cache for: rpmfusion-nonfree-updates-testing
May 22 09:14:35 DEBUG not found deltainfo for: RPM Fusion for Fedora 23 - Nonfree - Test Updates
May 22 09:14:35 DEBUG not found updateinfo for: RPM Fusion for Fedora 23 - Nonfree - Test Updates
May 22 09:14:35 DEBUG repo: using cache for: dyskette-gnome-320-x86_64
May 22 09:14:35 DEBUG not found deltainfo for: Copr repo for gnome-320 owned by dyskette x86_64
May 22 09:14:35 DEBUG not found updateinfo for: Copr repo for gnome-320 owned by dyskette x86_64
May 22 09:14:35 DEBUG repo: using cache for: fedora
May 22 09:14:35 DEBUG not found deltainfo for: Fedora 23 - x86_64
May 22 09:14:35 DEBUG not found updateinfo for: Fedora 23 - x86_64
May 22 09:14:36 DEBUG repo: using cache for: rpmfusion-free-updates-testing
May 22 09:14:36 DEBUG not found deltainfo for: RPM Fusion for Fedora 23 - Free - Test Updates
May 22 09:14:36 DEBUG not found updateinfo for: RPM Fusion for Fedora 23 - Free - Test Updates
May 22 09:14:36 DEBUG repo: using cache for: virtualbox
May 22 09:14:36 DEBUG not found deltainfo for: Fedora 23 - x86_64 - VirtualBox
May 22 09:14:36 DEBUG not found updateinfo for: Fedora 23 - x86_64 - VirtualBox
May 22 09:14:36 DEBUG repo: using cache for: rpmfusion-free
May 22 09:14:36 DEBUG not found deltainfo for: RPM Fusion for Fedora 23 - Free
May 22 09:14:36 DEBUG not found updateinfo for: RPM Fusion for Fedora 23 - Free
May 22 09:14:36 DEBUG repo: using cache for: infinality-ultimate
May 22 09:14:36 DEBUG not found deltainfo for: Infinality Ultimate x86_64 packages
May 22 09:14:36 DEBUG not found updateinfo for: Infinality Ultimate x86_64 packages
May 22 09:14:36 DEBUG repo: using cache for: updates
May 22 09:14:36 DEBUG repo: using cache for: nodesource
May 22 09:14:36 DEBUG not found deltainfo for: Node.js Packages for Fedora Core 23 - x86_64
May 22 09:14:36 DEBUG not found updateinfo for: Node.js Packages for Fedora Core 23 - x86_64
May 22 09:14:36 DEBUG repo: using cache for: heikoada-terminix
May 22 09:14:36 DEBUG not found deltainfo for: Copr repo for terminix owned by heikoada
May 22 09:14:36 DEBUG not found updateinfo for: Copr repo for terminix owned by heikoada
May 22 09:14:36 DDEBUG timer: sack setup: 429 ms
May 22 09:14:36 DEBUG home_Horst3180: using metadata from Fri Apr  1 03:06:41 2016.
May 22 09:14:36 DEBUG rommon-telegram: using metadata from Sat Mar 19 03:32:56 2016.
May 22 09:14:36 DEBUG alunux-zeal: using metadata from Mon Apr  4 01:38:36 2016.
May 22 09:14:36 DEBUG infinality-ultimate-noarch: using metadata from Sat Apr  2 00:19:51 2016.
May 22 09:14:36 DEBUG rpmfusion-nonfree: using metadata from Sun Oct 11 22:50:38 2015.
May 22 09:14:36 DEBUG insync: using metadata from Wed May 18 14:53:34 2016.
May 22 09:14:36 DEBUG dyskette-gnome-320-i386: using metadata from Wed May  4 02:47:02 2016.
May 22 09:14:36 DEBUG alunux-electric-vlsi: using metadata from Tue Apr 19 08:33:38 2016.
May 22 09:14:36 DEBUG churchyard-chromium-russianfedora: using metadata from Thu Apr 21 00:02:40 2016.
May 22 09:14:36 DEBUG rpmfusion-nonfree-updates-testing: using metadata from Wed May 11 09:55:39 2016.
May 22 09:14:36 DEBUG dyskette-gnome-320-x86_64: using metadata from Tue May  3 23:21:46 2016.
May 22 09:14:36 DEBUG fedora: using metadata from Sun Nov  1 00:34:41 2015.
May 22 09:14:36 DEBUG rpmfusion-free-updates-testing: using metadata from Wed May 11 09:49:16 2016.
May 22 09:14:36 DEBUG virtualbox: using metadata from Fri Apr 29 01:06:16 2016.
May 22 09:14:36 DEBUG rpmfusion-free: using metadata from Sun Oct 11 23:43:19 2015.
May 22 09:14:36 DEBUG infinality-ultimate: using metadata from Wed Mar 30 23:57:46 2016.
May 22 09:14:36 DEBUG updates: using metadata from Sat May 21 06:20:19 2016.
May 22 09:14:36 DEBUG nodesource: using metadata from Fri May  6 11:25:49 2016.
May 22 09:14:36 DEBUG heikoada-terminix: using metadata from Sun May 22 01:43:33 2016.
May 22 09:14:36 INFO Last metadata expiration check: 0:14:16 ago on Sun May 22 09:00:20 2016.
May 22 09:14:42 SUBDEBUG Call: RPMPayload._end_cb: (<dnf.repo.RPMPayload object at 0x7f95c3a47630>, 1, 'Already downloaded'), {}
May 22 09:14:42 SUBDEBUG Call: RPMPayload._end_cb: (<dnf.repo.RPMPayload object at 0x7f95c3a47438>, 1, 'Already downloaded'), {}
May 22 09:14:42 SUBDEBUG Call: RPMPayload._end_cb: (<dnf.repo.RPMPayload object at 0x7f95c3a47588>, 1, 'Already downloaded'), {}
May 22 09:14:42 SUBDEBUG Call: RPMPayload._end_cb: (<dnf.repo.RPMPayload object at 0x7f95c3a47860>, 1, 'Already downloaded'), {}
May 22 09:14:42 SUBDEBUG Call: RPMPayload._end_cb: (<dnf.repo.RPMPayload object at 0x7f95c3a47b38>, 1, 'Already downloaded'), {}
May 22 09:14:42 SUBDEBUG Call: RPMPayload._end_cb: (<dnf.repo.RPMPayload object at 0x7f95c3a47d68>, 1, 'Already downloaded'), {}
May 22 09:14:42 SUBDEBUG Call: RPMPayload._end_cb: (<dnf.repo.RPMPayload object at 0x7f95c3a47e48>, 1, 'Already downloaded'), {}
May 22 09:14:42 SUBDEBUG Call: RPMPayload._end_cb: (<dnf.repo.RPMPayload object at 0x7f95c3a47d30>, 1, 'Already downloaded'), {}
May 22 09:14:42 SUBDEBUG Call: RPMPayload._end_cb: (<dnf.repo.RPMPayload object at 0x7f95c3a47c50>, 1, 'Already downloaded'), {}
May 22 09:14:42 SUBDEBUG Call: RPMPayload._end_cb: (<dnf.repo.RPMPayload object at 0x7f95c3a47c88>, 1, 'Already downloaded'), {}
May 22 09:14:42 SUBDEBUG Call: RPMPayload._end_cb: (<dnf.repo.RPMPayload object at 0x7f95c3a47e80>, 1, 'Already downloaded'), {}
May 22 09:14:42 SUBDEBUG Call: RPMPayload._end_cb: (<dnf.repo.RPMPayload object at 0x7f95c3a47eb8>, 1, 'Already downloaded'), {}
May 22 09:14:42 SUBDEBUG Call: RPMPayload._end_cb: (<dnf.repo.RPMPayload object at 0x7f95c3a47ef0>, 1, 'Already downloaded'), {}
May 22 09:14:42 SUBDEBUG Call: RPMPayload._end_cb: (<dnf.repo.RPMPayload object at 0x7f95c3a47f98>, 1, 'Already downloaded'), {}
May 22 09:14:42 SUBDEBUG Call: RPMPayload._end_cb: (<dnf.repo.RPMPayload object at 0x7f95c3a47f60>, 1, 'Already downloaded'), {}
May 22 09:14:42 SUBDEBUG Call: RPMPayload._end_cb: (<dnf.repo.RPMPayload object at 0x7f95c39ee0b8>, 1, 'Already downloaded'), {}
May 22 09:14:42 SUBDEBUG Call: RPMPayload._end_cb: (<dnf.repo.RPMPayload object at 0x7f95c39ee390>, 1, 'Already downloaded'), {}
May 22 09:14:42 SUBDEBUG Call: RPMPayload._end_cb: (<dnf.repo.RPMPayload object at 0x7f95c39f01d0>, 1, 'Already downloaded'), {}
May 22 09:14:42 SUBDEBUG Call: RPMPayload._end_cb: (<dnf.repo.RPMPayload object at 0x7f95c39f0240>, 1, 'Already downloaded'), {}
May 22 09:14:42 SUBDEBUG Call: RPMPayload._end_cb: (<dnf.repo.RPMPayload object at 0x7f95c39f0208>, 1, 'Already downloaded'), {}
May 22 09:14:42 SUBDEBUG Call: RPMPayload._end_cb: (<dnf.repo.RPMPayload object at 0x7f95c39f00b8>, 1, 'Already downloaded'), {}
May 22 09:14:45 SUBDEBUG Call: RPMPayload._end_cb: (<dnf.repo.RPMPayload object at 0x7f95c39f0978>, 1, 'Already downloaded'), {}
May 22 09:14:45 SUBDEBUG Call: RPMPayload._end_cb: (<dnf.repo.RPMPayload object at 0x7f95c39f09b0>, 1, 'Already downloaded'), {}
May 22 09:14:45 SUBDEBUG Call: RPMPayload._end_cb: (<dnf.repo.RPMPayload object at 0x7f95c39f0a58>, 1, 'Already downloaded'), {}
May 22 09:14:45 SUBDEBUG Call: RPMPayload._end_cb: (<dnf.repo.RPMPayload object at 0x7f95c39f0f28>, 1, 'Already downloaded'), {}
May 22 09:14:45 SUBDEBUG Call: RPMPayload._end_cb: (<dnf.repo.RPMPayload object at 0x7f95c39f0fd0>, 1, 'Already downloaded'), {}
May 22 09:14:45 SUBDEBUG Call: RPMPayload._end_cb: (<dnf.repo.RPMPayload object at 0x7f95c39f0ef0>, 1, 'Already downloaded'), {}
May 22 09:14:45 SUBDEBUG Call: RPMPayload._end_cb: (<dnf.repo.RPMPayload object at 0x7f95c39f0e48>, 1, 'Already downloaded'), {}
May 22 09:14:45 SUBDEBUG Call: RPMPayload._end_cb: (<dnf.repo.RPMPayload object at 0x7f95c39f3080>, 1, 'Already downloaded'), {}
May 22 09:14:45 SUBDEBUG Call: RPMPayload._end_cb: (<dnf.repo.RPMPayload object at 0x7f95c39f3160>, 1, 'Already downloaded'), {}
May 22 09:14:45 SUBDEBUG Call: RPMPayload._end_cb: (<dnf.repo.RPMPayload object at 0x7f95c39f32b0>, 1, 'Already downloaded'), {}
May 22 09:14:45 SUBDEBUG Call: RPMPayload._end_cb: (<dnf.repo.RPMPayload object at 0x7f95c39f3400>, 1, 'Already downloaded'), {}
May 22 09:14:45 SUBDEBUG Call: RPMPayload._end_cb: (<dnf.repo.RPMPayload object at 0x7f95c39f3da0>, 1, 'Already downloaded'), {}
May 22 09:14:45 SUBDEBUG Call: RPMPayload._end_cb: (<dnf.repo.RPMPayload object at 0x7f95c39f5860>, 1, 'Already downloaded'), {}
May 22 09:14:45 SUBDEBUG Call: RPMPayload._end_cb: (<dnf.repo.RPMPayload object at 0x7f95c39f5588>, 1, 'Already downloaded'), {}
May 22 09:14:45 SUBDEBUG Call: RPMPayload._end_cb: (<dnf.repo.RPMPayload object at 0x7f95c39f59e8>, 1, 'Already downloaded'), {}
May 22 09:14:45 SUBDEBUG Call: RPMPayload._end_cb: (<dnf.repo.RPMPayload object at 0x7f95c39f5ac8>, 1, 'Already downloaded'), {}
May 22 09:14:45 SUBDEBUG Call: RPMPayload._end_cb: (<dnf.repo.RPMPayload object at 0x7f95c39f5b38>, 1, 'Already downloaded'), {}
May 22 09:14:45 SUBDEBUG Call: RPMPayload._end_cb: (<dnf.repo.RPMPayload object at 0x7f95c39f5b00>, 1, 'Already downloaded'), {}
May 22 09:14:45 SUBDEBUG Call: RPMPayload._end_cb: (<dnf.repo.RPMPayload object at 0x7f95c39f5c88>, 1, 'Already downloaded'), {}
May 22 09:14:45 SUBDEBUG Call: RPMPayload._end_cb: (<dnf.repo.RPMPayload object at 0x7f95c39f5c50>, 1, 'Already downloaded'), {}
May 22 09:14:45 SUBDEBUG Call: RPMPayload._end_cb: (<dnf.repo.RPMPayload object at 0x7f95c39f5eb8>, 1, 'Already downloaded'), {}
May 22 09:14:45 SUBDEBUG Call: RPMPayload._end_cb: (<dnf.repo.RPMPayload object at 0x7f95c39f5f28>, 1, 'Already downloaded'), {}
May 22 09:14:45 SUBDEBUG Call: RPMPayload._end_cb: (<dnf.repo.RPMPayload object at 0x7f95c39f5f98>, 1, 'Already downloaded'), {}
May 22 09:14:48 SUBDEBUG Call: RPMPayload._end_cb: (<dnf.repo.RPMPayload object at 0x7f95d0129748>, 2, 'Not finished - interrupted by error: Interrupted by signal'), {}
May 22 09:14:48 SUBDEBUG Call: RPMPayload._end_cb: (<dnf.repo.RPMPayload object at 0x7f95c3a47240>, 2, 'Not finished - interrupted by error: Interrupted by signal'), {}
May 22 09:14:48 SUBDEBUG Call: RPMPayload._end_cb: (<dnf.repo.RPMPayload object at 0x7f95c3a47358>, 2, 'Not finished - interrupted by error: Interrupted by signal'), {}
May 22 09:14:48 DDEBUG Cleaning up.
May 22 09:14:57 INFO --- logging initialized ---
May 22 09:14:57 DDEBUG timer: config: 5 ms
May 22 09:14:57 DEBUG cachedir: /var/tmp/dnf-alunux-mjoo87n9
May 22 09:14:57 DEBUG Loaded plugins: playground, noroot, needs-restarting, protected_packages, config-manager, download, debuginfo-install, reposync, Query, copr, generate_completion_cache, builddep
May 22 09:14:57 DEBUG DNF version: 1.1.8
May 22 09:14:57 DDEBUG Command: dnf --installroot=/home/alunux/MyLabora/nekorpm/installroot/f23-x86_64 --releasever=23 --setopt keepcache=1 download --resolve geany 
May 22 09:14:57 DDEBUG Installroot: /home/alunux/MyLabora/nekorpm/installroot/f23-x86_64
May 22 09:14:57 DDEBUG Releasever: 23
May 22 09:14:57 DDEBUG Base command: download
May 22 09:14:57 DDEBUG Extra commands: ['--resolve', 'geany']
May 22 09:14:57 DEBUG repo: using cache for: churchyard-chromium-russianfedora
May 22 09:14:57 DEBUG not found deltainfo for: Copr repo for chromium-russianfedora owned by churchyard
May 22 09:14:57 DEBUG not found updateinfo for: Copr repo for chromium-russianfedora owned by churchyard
May 22 09:14:57 DEBUG repo: using cache for: alunux-zeal
May 22 09:14:57 DEBUG not found deltainfo for: Copr repo for zeal owned by alunux
May 22 09:14:57 DEBUG not found updateinfo for: Copr repo for zeal owned by alunux
May 22 09:14:57 DEBUG repo: using cache for: fedora
May 22 09:14:57 DEBUG not found deltainfo for: Fedora 23 - x86_64
May 22 09:14:57 DEBUG not found updateinfo for: Fedora 23 - x86_64
May 22 09:14:57 DEBUG repo: using cache for: rpmfusion-free-updates-testing
May 22 09:14:57 DEBUG not found deltainfo for: RPM Fusion for Fedora 23 - Free - Test Updates
May 22 09:14:57 DEBUG not found updateinfo for: RPM Fusion for Fedora 23 - Free - Test Updates
May 22 09:14:57 DEBUG repo: using cache for: virtualbox
May 22 09:14:57 DEBUG not found deltainfo for: Fedora 23 - x86_64 - VirtualBox
May 22 09:14:57 DEBUG not found updateinfo for: Fedora 23 - x86_64 - VirtualBox
May 22 09:14:57 DEBUG repo: using cache for: home_Horst3180
May 22 09:14:57 DEBUG not found deltainfo for: Horst3180's Home Project (Fedora_23)
May 22 09:14:57 DEBUG not found updateinfo for: Horst3180's Home Project (Fedora_23)
May 22 09:14:57 DEBUG repo: using cache for: infinality-ultimate
May 22 09:14:57 DEBUG not found deltainfo for: Infinality Ultimate x86_64 packages
May 22 09:14:57 DEBUG not found updateinfo for: Infinality Ultimate x86_64 packages
May 22 09:14:57 DEBUG repo: using cache for: infinality-ultimate-noarch
May 22 09:14:57 DEBUG not found deltainfo for: Infinality Ultimate noarch packages
May 22 09:14:57 DEBUG not found updateinfo for: Infinality Ultimate noarch packages
May 22 09:14:57 DEBUG repo: using cache for: updates
May 22 09:14:58 DEBUG repo: using cache for: nodesource
May 22 09:14:58 DEBUG not found deltainfo for: Node.js Packages for Fedora Core 23 - x86_64
May 22 09:14:58 DEBUG not found updateinfo for: Node.js Packages for Fedora Core 23 - x86_64
May 22 09:14:58 DEBUG repo: using cache for: rpmfusion-nonfree-updates-testing
May 22 09:14:58 DEBUG not found deltainfo for: RPM Fusion for Fedora 23 - Nonfree - Test Updates
May 22 09:14:58 DEBUG not found updateinfo for: RPM Fusion for Fedora 23 - Nonfree - Test Updates
May 22 09:14:58 DEBUG repo: using cache for: dyskette-gnome-320-i386
May 22 09:14:58 DEBUG not found deltainfo for: Copr repo for gnome-320 owned by dyskette i386
May 22 09:14:58 DEBUG not found updateinfo for: Copr repo for gnome-320 owned by dyskette i386
May 22 09:14:58 DEBUG repo: using cache for: alunux-electric-vlsi
May 22 09:14:58 DEBUG not found deltainfo for: Copr repo for electric-vlsi owned by alunux
May 22 09:14:58 DEBUG not found updateinfo for: Copr repo for electric-vlsi owned by alunux
May 22 09:14:58 DEBUG repo: using cache for: heikoada-terminix
May 22 09:14:58 DEBUG not found deltainfo for: Copr repo for terminix owned by heikoada
May 22 09:14:58 DEBUG not found updateinfo for: Copr repo for terminix owned by heikoada
May 22 09:14:58 DEBUG repo: using cache for: rpmfusion-free
May 22 09:14:58 DEBUG not found deltainfo for: RPM Fusion for Fedora 23 - Free
May 22 09:14:58 DEBUG not found updateinfo for: RPM Fusion for Fedora 23 - Free
May 22 09:14:58 DEBUG repo: using cache for: insync
May 22 09:14:58 DEBUG not found deltainfo for: insync repo
May 22 09:14:58 DEBUG not found updateinfo for: insync repo
May 22 09:14:58 DEBUG repo: using cache for: rpmfusion-nonfree
May 22 09:14:58 DEBUG not found deltainfo for: RPM Fusion for Fedora 23 - Nonfree
May 22 09:14:58 DEBUG not found updateinfo for: RPM Fusion for Fedora 23 - Nonfree
May 22 09:14:58 DEBUG repo: using cache for: rommon-telegram
May 22 09:14:58 DEBUG not found deltainfo for: Copr repo for telegram owned by rommon
May 22 09:14:58 DEBUG not found updateinfo for: Copr repo for telegram owned by rommon
May 22 09:14:58 DEBUG repo: using cache for: dyskette-gnome-320-x86_64
May 22 09:14:58 DEBUG not found deltainfo for: Copr repo for gnome-320 owned by dyskette x86_64
May 22 09:14:58 DEBUG not found updateinfo for: Copr repo for gnome-320 owned by dyskette x86_64
May 22 09:14:58 DDEBUG timer: sack setup: 437 ms
May 22 09:14:58 DEBUG churchyard-chromium-russianfedora: using metadata from Thu Apr 21 00:02:40 2016.
May 22 09:14:58 DEBUG alunux-zeal: using metadata from Mon Apr  4 01:38:36 2016.
May 22 09:14:58 DEBUG fedora: using metadata from Sun Nov  1 00:34:41 2015.
May 22 09:14:58 DEBUG rpmfusion-free-updates-testing: using metadata from Wed May 11 09:49:16 2016.
May 22 09:14:58 DEBUG virtualbox: using metadata from Fri Apr 29 01:06:16 2016.
May 22 09:14:58 DEBUG home_Horst3180: using metadata from Fri Apr  1 03:06:41 2016.
May 22 09:14:58 DEBUG infinality-ultimate: using metadata from Wed Mar 30 23:57:46 2016.
May 22 09:14:58 DEBUG infinality-ultimate-noarch: using metadata from Sat Apr  2 00:19:51 2016.
May 22 09:14:58 DEBUG updates: using metadata from Sat May 21 06:20:19 2016.
May 22 09:14:58 DEBUG nodesource: using metadata from Fri May  6 11:25:49 2016.
May 22 09:14:58 DEBUG rpmfusion-nonfree-updates-testing: using metadata from Wed May 11 09:55:39 2016.
May 22 09:14:58 DEBUG dyskette-gnome-320-i386: using metadata from Wed May  4 02:47:02 2016.
May 22 09:14:58 DEBUG alunux-electric-vlsi: using metadata from Tue Apr 19 08:33:38 2016.
May 22 09:14:58 DEBUG heikoada-terminix: using metadata from Sun May 22 01:43:33 2016.
May 22 09:14:58 DEBUG rpmfusion-free: using metadata from Sun Oct 11 23:43:19 2015.
May 22 09:14:58 DEBUG insync: using metadata from Wed May 18 14:53:34 2016.
May 22 09:14:58 DEBUG rpmfusion-nonfree: using metadata from Sun Oct 11 22:50:38 2015.
May 22 09:14:58 DEBUG rommon-telegram: using metadata from Sat Mar 19 03:32:56 2016.
May 22 09:14:58 DEBUG dyskette-gnome-320-x86_64: using metadata from Tue May  3 23:21:46 2016.
May 22 09:14:58 INFO Last metadata expiration check: 0:14:38 ago on Sun May 22 09:00:20 2016.
May 22 09:14:58 SUBDEBUG Call: RPMPayload._end_cb: (<dnf.repo.RPMPayload object at 0x7f1186735748>, 1, 'Already downloaded'), {}
May 22 09:14:58 SUBDEBUG Call: RPMPayload._end_cb: (<dnf.repo.RPMPayload object at 0x7f117a053240>, 1, 'Already downloaded'), {}
May 22 09:14:58 SUBDEBUG Call: RPMPayload._end_cb: (<dnf.repo.RPMPayload object at 0x7f117a0532b0>, 1, 'Already downloaded'), {}
May 22 09:14:58 SUBDEBUG Call: RPMPayload._end_cb: (<dnf.repo.RPMPayload object at 0x7f117a0532e8>, 1, 'Already downloaded'), {}
May 22 09:14:58 SUBDEBUG Call: RPMPayload._end_cb: (<dnf.repo.RPMPayload object at 0x7f117a053320>, 1, 'Already downloaded'), {}
May 22 09:14:58 SUBDEBUG Call: RPMPayload._end_cb: (<dnf.repo.RPMPayload object at 0x7f117a053358>, 1, 'Already downloaded'), {}
May 22 09:14:58 SUBDEBUG Call: RPMPayload._end_cb: (<dnf.repo.RPMPayload object at 0x7f117a053390>, 1, 'Already downloaded'), {}
May 22 09:14:58 SUBDEBUG Call: RPMPayload._end_cb: (<dnf.repo.RPMPayload object at 0x7f117a0533c8>, 1, 'Already downloaded'), {}
May 22 09:14:58 SUBDEBUG Call: RPMPayload._end_cb: (<dnf.repo.RPMPayload object at 0x7f117a053400>, 1, 'Already downloaded'), {}
May 22 09:14:58 SUBDEBUG Call: RPMPayload._end_cb: (<dnf.repo.RPMPayload object at 0x7f117a053438>, 1, 'Already downloaded'), {}
May 22 09:14:58 SUBDEBUG Call: RPMPayload._end_cb: (<dnf.repo.RPMPayload object at 0x7f117a053470>, 1, 'Already downloaded'), {}
May 22 09:14:58 SUBDEBUG Call: RPMPayload._end_cb: (<dnf.repo.RPMPayload object at 0x7f117a0534a8>, 1, 'Already downloaded'), {}
May 22 09:14:58 SUBDEBUG Call: RPMPayload._end_cb: (<dnf.repo.RPMPayload object at 0x7f117a0534e0>, 1, 'Already downloaded'), {}
May 22 09:14:58 SUBDEBUG Call: RPMPayload._end_cb: (<dnf.repo.RPMPayload object at 0x7f117a053518>, 1, 'Already downloaded'), {}
May 22 09:14:58 SUBDEBUG Call: RPMPayload._end_cb: (<dnf.repo.RPMPayload object at 0x7f117a053550>, 1, 'Already downloaded'), {}
May 22 09:14:58 SUBDEBUG Call: RPMPayload._end_cb: (<dnf.repo.RPMPayload object at 0x7f117a053588>, 1, 'Already downloaded'), {}
May 22 09:14:58 SUBDEBUG Call: RPMPayload._end_cb: (<dnf.repo.RPMPayload object at 0x7f117a0535c0>, 1, 'Already downloaded'), {}
May 22 09:14:58 SUBDEBUG Call: RPMPayload._end_cb: (<dnf.repo.RPMPayload object at 0x7f117a0535f8>, 1, 'Already downloaded'), {}
May 22 09:14:58 SUBDEBUG Call: RPMPayload._end_cb: (<dnf.repo.RPMPayload object at 0x7f117a053630>, 1, 'Already downloaded'), {}
May 22 09:14:58 SUBDEBUG Call: RPMPayload._end_cb: (<dnf.repo.RPMPayload object at 0x7f117a053668>, 1, 'Already downloaded'), {}
May 22 09:14:58 SUBDEBUG Call: RPMPayload._end_cb: (<dnf.repo.RPMPayload object at 0x7f117a0536a0>, 1, 'Already downloaded'), {}
May 22 09:14:58 SUBDEBUG Call: RPMPayload._end_cb: (<dnf.repo.RPMPayload object at 0x7f117a0536d8>, 1, 'Already downloaded'), {}
May 22 09:14:58 SUBDEBUG Call: RPMPayload._end_cb: (<dnf.repo.RPMPayload object at 0x7f117a053710>, 1, 'Already downloaded'), {}
May 22 09:14:58 SUBDEBUG Call: RPMPayload._end_cb: (<dnf.repo.RPMPayload object at 0x7f117a053748>, 1, 'Already downloaded'), {}
May 22 09:14:58 SUBDEBUG Call: RPMPayload._end_cb: (<dnf.repo.RPMPayload object at 0x7f117a053780>, 1, 'Already downloaded'), {}
May 22 09:14:58 SUBDEBUG Call: RPMPayload._end_cb: (<dnf.repo.RPMPayload object at 0x7f117a0537b8>, 1, 'Already downloaded'), {}
May 22 09:14:58 SUBDEBUG Call: RPMPayload._end_cb: (<dnf.repo.RPMPayload object at 0x7f117a0537f0>, 1, 'Already downloaded'), {}
May 22 09:14:58 SUBDEBUG Call: RPMPayload._end_cb: (<dnf.repo.RPMPayload object at 0x7f117a053828>, 1, 'Already downloaded'), {}
May 22 09:14:58 SUBDEBUG Call: RPMPayload._end_cb: (<dnf.repo.RPMPayload object at 0x7f117a053860>, 1, 'Already downloaded'), {}
May 22 09:14:58 SUBDEBUG Call: RPMPayload._end_cb: (<dnf.repo.RPMPayload object at 0x7f117a053898>, 1, 'Already downloaded'), {}
May 22 09:14:58 SUBDEBUG Call: RPMPayload._end_cb: (<dnf.repo.RPMPayload object at 0x7f117a0538d0>, 1, 'Already downloaded'), {}
May 22 09:14:58 SUBDEBUG Call: RPMPayload._end_cb: (<dnf.repo.RPMPayload object at 0x7f117a053908>, 1, 'Already downloaded'), {}
May 22 09:14:58 SUBDEBUG Call: RPMPayload._end_cb: (<dnf.repo.RPMPayload object at 0x7f117a053940>, 1, 'Already downloaded'), {}
May 22 09:14:58 SUBDEBUG Call: RPMPayload._end_cb: (<dnf.repo.RPMPayload object at 0x7f117a053978>, 1, 'Already downloaded'), {}
May 22 09:14:58 SUBDEBUG Call: RPMPayload._end_cb: (<dnf.repo.RPMPayload object at 0x7f117a0539b0>, 1, 'Already downloaded'), {}
May 22 09:14:58 SUBDEBUG Call: RPMPayload._end_cb: (<dnf.repo.RPMPayload object at 0x7f117a0539e8>, 1, 'Already downloaded'), {}
May 22 09:14:58 SUBDEBUG Call: RPMPayload._end_cb: (<dnf.repo.RPMPayload object at 0x7f117a053a20>, 1, 'Already downloaded'), {}
May 22 09:14:58 SUBDEBUG Call: RPMPayload._end_cb: (<dnf.repo.RPMPayload object at 0x7f117a053a58>, 1, 'Already downloaded'), {}
May 22 09:14:58 SUBDEBUG Call: RPMPayload._end_cb: (<dnf.repo.RPMPayload object at 0x7f117a053a90>, 1, 'Already downloaded'), {}
May 22 09:14:58 SUBDEBUG Call: RPMPayload._end_cb: (<dnf.repo.RPMPayload object at 0x7f117a053ac8>, 1, 'Already downloaded'), {}
May 22 09:14:58 SUBDEBUG Call: RPMPayload._end_cb: (<dnf.repo.RPMPayload object at 0x7f117a053b00>, 1, 'Already downloaded'), {}
May 22 09:14:58 SUBDEBUG Call: RPMPayload._end_cb: (<dnf.repo.RPMPayload object at 0x7f117a053b38>, 1, 'Already downloaded'), {}
May 22 09:14:58 SUBDEBUG Call: RPMPayload._end_cb: (<dnf.repo.RPMPayload object at 0x7f117a053b70>, 1, 'Already downloaded'), {}
May 22 09:14:58 SUBDEBUG Call: RPMPayload._end_cb: (<dnf.repo.RPMPayload object at 0x7f117a053ba8>, 1, 'Already downloaded'), {}
May 22 09:14:58 SUBDEBUG Call: RPMPayload._end_cb: (<dnf.repo.RPMPayload object at 0x7f117a053be0>, 1, 'Already downloaded'), {}
May 22 09:14:58 SUBDEBUG Call: RPMPayload._end_cb: (<dnf.repo.RPMPayload object at 0x7f117a053c18>, 1, 'Already downloaded'), {}
May 22 09:14:58 SUBDEBUG Call: RPMPayload._end_cb: (<dnf.repo.RPMPayload object at 0x7f117a053c50>, 1, 'Already downloaded'), {}
May 22 09:14:58 SUBDEBUG Call: RPMPayload._end_cb: (<dnf.repo.RPMPayload object at 0x7f117a053c88>, 1, 'Already downloaded'), {}
May 22 09:14:58 DDEBUG Cleaning up.
May 22 09:15:01 INFO --- logging initialized ---
May 22 09:15:01 DDEBUG timer: config: 5 ms
May 22 09:15:01 DEBUG cachedir: /var/tmp/dnf-alunux-mjoo87n9
May 22 09:15:01 DEBUG Loaded plugins: reposync, generate_completion_cache, config-manager, needs-restarting, Query, download, debuginfo-install, builddep, copr, protected_packages, playground, noroot
May 22 09:15:01 DEBUG DNF version: 1.1.8
May 22 09:15:01 DDEBUG Command: dnf --installroot=/home/alunux/MyLabora/nekorpm/installroot/f23-x86_64 --releasever=23 --setopt keepcache=1 download --resolve telegram-desktop 
May 22 09:15:01 DDEBUG Installroot: /home/alunux/MyLabora/nekorpm/installroot/f23-x86_64
May 22 09:15:01 DDEBUG Releasever: 23
May 22 09:15:01 DDEBUG Base command: download
May 22 09:15:01 DDEBUG Extra commands: ['--resolve', 'telegram-desktop']
May 22 09:15:02 DEBUG repo: using cache for: rpmfusion-nonfree
May 22 09:15:02 DEBUG not found deltainfo for: RPM Fusion for Fedora 23 - Nonfree
May 22 09:15:02 DEBUG not found updateinfo for: RPM Fusion for Fedora 23 - Nonfree
May 22 09:15:02 DEBUG repo: using cache for: churchyard-chromium-russianfedora
May 22 09:15:02 DEBUG not found deltainfo for: Copr repo for chromium-russianfedora owned by churchyard
May 22 09:15:02 DEBUG not found updateinfo for: Copr repo for chromium-russianfedora owned by churchyard
May 22 09:15:02 DEBUG repo: using cache for: fedora
May 22 09:15:02 DEBUG not found deltainfo for: Fedora 23 - x86_64
May 22 09:15:02 DEBUG not found updateinfo for: Fedora 23 - x86_64
May 22 09:15:02 DEBUG repo: using cache for: alunux-zeal
May 22 09:15:02 DEBUG not found deltainfo for: Copr repo for zeal owned by alunux
May 22 09:15:02 DEBUG not found updateinfo for: Copr repo for zeal owned by alunux
May 22 09:15:02 DEBUG repo: using cache for: infinality-ultimate
May 22 09:15:02 DEBUG not found deltainfo for: Infinality Ultimate x86_64 packages
May 22 09:15:02 DEBUG not found updateinfo for: Infinality Ultimate x86_64 packages
May 22 09:15:02 DEBUG repo: using cache for: rpmfusion-free-updates-testing
May 22 09:15:02 DEBUG not found deltainfo for: RPM Fusion for Fedora 23 - Free - Test Updates
May 22 09:15:02 DEBUG not found updateinfo for: RPM Fusion for Fedora 23 - Free - Test Updates
May 22 09:15:02 DEBUG repo: using cache for: infinality-ultimate-noarch
May 22 09:15:02 DEBUG not found deltainfo for: Infinality Ultimate noarch packages
May 22 09:15:02 DEBUG not found updateinfo for: Infinality Ultimate noarch packages
May 22 09:15:02 DEBUG repo: using cache for: home_Horst3180
May 22 09:15:02 DEBUG not found deltainfo for: Horst3180's Home Project (Fedora_23)
May 22 09:15:02 DEBUG not found updateinfo for: Horst3180's Home Project (Fedora_23)
May 22 09:15:02 DEBUG repo: using cache for: heikoada-terminix
May 22 09:15:02 DEBUG not found deltainfo for: Copr repo for terminix owned by heikoada
May 22 09:15:02 DEBUG not found updateinfo for: Copr repo for terminix owned by heikoada
May 22 09:15:02 DEBUG repo: using cache for: rommon-telegram
May 22 09:15:02 DEBUG not found deltainfo for: Copr repo for telegram owned by rommon
May 22 09:15:02 DEBUG not found updateinfo for: Copr repo for telegram owned by rommon
May 22 09:15:02 DEBUG repo: using cache for: dyskette-gnome-320-i386
May 22 09:15:02 DEBUG not found deltainfo for: Copr repo for gnome-320 owned by dyskette i386
May 22 09:15:02 DEBUG not found updateinfo for: Copr repo for gnome-320 owned by dyskette i386
May 22 09:15:02 DEBUG repo: using cache for: nodesource
May 22 09:15:02 DEBUG not found deltainfo for: Node.js Packages for Fedora Core 23 - x86_64
May 22 09:15:02 DEBUG not found updateinfo for: Node.js Packages for Fedora Core 23 - x86_64
May 22 09:15:02 DEBUG repo: using cache for: virtualbox
May 22 09:15:02 DEBUG not found deltainfo for: Fedora 23 - x86_64 - VirtualBox
May 22 09:15:02 DEBUG not found updateinfo for: Fedora 23 - x86_64 - VirtualBox
May 22 09:15:02 DEBUG repo: using cache for: alunux-electric-vlsi
May 22 09:15:02 DEBUG not found deltainfo for: Copr repo for electric-vlsi owned by alunux
May 22 09:15:02 DEBUG not found updateinfo for: Copr repo for electric-vlsi owned by alunux
May 22 09:15:02 DEBUG repo: using cache for: dyskette-gnome-320-x86_64
May 22 09:15:02 DEBUG not found deltainfo for: Copr repo for gnome-320 owned by dyskette x86_64
May 22 09:15:02 DEBUG not found updateinfo for: Copr repo for gnome-320 owned by dyskette x86_64
May 22 09:15:02 DEBUG repo: using cache for: rpmfusion-nonfree-updates-testing
May 22 09:15:02 DEBUG not found deltainfo for: RPM Fusion for Fedora 23 - Nonfree - Test Updates
May 22 09:15:02 DEBUG not found updateinfo for: RPM Fusion for Fedora 23 - Nonfree - Test Updates
May 22 09:15:02 DEBUG repo: using cache for: updates
May 22 09:15:02 DEBUG repo: using cache for: rpmfusion-free
May 22 09:15:02 DEBUG not found deltainfo for: RPM Fusion for Fedora 23 - Free
May 22 09:15:02 DEBUG not found updateinfo for: RPM Fusion for Fedora 23 - Free
May 22 09:15:02 DEBUG repo: using cache for: insync
May 22 09:15:02 DEBUG not found deltainfo for: insync repo
May 22 09:15:02 DEBUG not found updateinfo for: insync repo
May 22 09:15:02 DDEBUG timer: sack setup: 435 ms
May 22 09:15:02 DEBUG rpmfusion-nonfree: using metadata from Sun Oct 11 22:50:38 2015.
May 22 09:15:02 DEBUG churchyard-chromium-russianfedora: using metadata from Thu Apr 21 00:02:40 2016.
May 22 09:15:02 DEBUG fedora: using metadata from Sun Nov  1 00:34:41 2015.
May 22 09:15:02 DEBUG alunux-zeal: using metadata from Mon Apr  4 01:38:36 2016.
May 22 09:15:02 DEBUG infinality-ultimate: using metadata from Wed Mar 30 23:57:46 2016.
May 22 09:15:02 DEBUG rpmfusion-free-updates-testing: using metadata from Wed May 11 09:49:16 2016.
May 22 09:15:02 DEBUG infinality-ultimate-noarch: using metadata from Sat Apr  2 00:19:51 2016.
May 22 09:15:02 DEBUG home_Horst3180: using metadata from Fri Apr  1 03:06:41 2016.
May 22 09:15:02 DEBUG heikoada-terminix: using metadata from Sun May 22 01:43:33 2016.
May 22 09:15:02 DEBUG rommon-telegram: using metadata from Sat Mar 19 03:32:56 2016.
May 22 09:15:02 DEBUG dyskette-gnome-320-i386: using metadata from Wed May  4 02:47:02 2016.
May 22 09:15:02 DEBUG nodesource: using metadata from Fri May  6 11:25:49 2016.
May 22 09:15:02 DEBUG virtualbox: using metadata from Fri Apr 29 01:06:16 2016.
May 22 09:15:02 DEBUG alunux-electric-vlsi: using metadata from Tue Apr 19 08:33:38 2016.
May 22 09:15:02 DEBUG dyskette-gnome-320-x86_64: using metadata from Tue May  3 23:21:46 2016.
May 22 09:15:02 DEBUG rpmfusion-nonfree-updates-testing: using metadata from Wed May 11 09:55:39 2016.
May 22 09:15:02 DEBUG updates: using metadata from Sat May 21 06:20:19 2016.
May 22 09:15:02 DEBUG rpmfusion-free: using metadata from Sun Oct 11 23:43:19 2015.
May 22 09:15:02 DEBUG insync: using metadata from Wed May 18 14:53:34 2016.
May 22 09:15:02 INFO Last metadata expiration check: 0:14:42 ago on Sun May 22 09:00:20 2016.
May 22 09:15:02 SUBDEBUG Call: RPMPayload._end_cb: (<dnf.repo.RPMPayload object at 0x7f58034c2320>, 1, 'Already downloaded'), {}
May 22 09:15:02 SUBDEBUG Call: RPMPayload._end_cb: (<dnf.repo.RPMPayload object at 0x7f58034c2240>, 1, 'Already downloaded'), {}
May 22 09:15:02 SUBDEBUG Call: RPMPayload._end_cb: (<dnf.repo.RPMPayload object at 0x7f58034c2278>, 1, 'Already downloaded'), {}
May 22 09:15:02 SUBDEBUG Call: RPMPayload._end_cb: (<dnf.repo.RPMPayload object at 0x7f58034c22b0>, 1, 'Already downloaded'), {}
May 22 09:17:35 SUBDEBUG Call: RPMPayload._end_cb: (<dnf.repo.RPMPayload object at 0x7f58034c22e8>, 0, None), {}
May 22 09:22:30 SUBDEBUG Call: RPMPayload._end_cb: (<dnf.repo.RPMPayload object at 0x7f580fba6710>, 0, None), {}
May 22 09:22:30 DDEBUG Cleaning up.
May 22 19:29:27 INFO --- logging initialized ---
May 22 19:29:27 DDEBUG timer: config: 25 ms
May 22 19:29:27 DEBUG cachedir: /var/tmp/dnf-alunux-mjoo87n9
May 22 19:29:27 DEBUG Loaded plugins: reposync, protected_packages, noroot, needs-restarting, Query, playground, copr, config-manager, generate_completion_cache, download, debuginfo-install, builddep
May 22 19:29:27 DEBUG DNF version: 1.1.8
May 22 19:29:27 DDEBUG Command: dnf --installroot=/home/alunux/MyLabora/nekorpm/installroot/f23-x86_64 --releasever=23 --setopt keepcache=1 download --resolve geany 
May 22 19:29:27 DDEBUG Installroot: /home/alunux/MyLabora/nekorpm/installroot/f23-x86_64
May 22 19:29:27 DDEBUG Releasever: 23
May 22 19:29:27 DDEBUG Base command: download
May 22 19:29:27 DDEBUG Extra commands: ['--resolve', 'geany']
May 22 19:29:29 DEBUG repo: using cache for: infinality-ultimate-noarch
May 22 19:29:29 DEBUG not found deltainfo for: Infinality Ultimate noarch packages
May 22 19:29:29 DEBUG not found updateinfo for: Infinality Ultimate noarch packages
May 22 19:29:29 DEBUG repo: using cache for: rpmfusion-free-updates-testing
May 22 19:29:29 DEBUG not found deltainfo for: RPM Fusion for Fedora 23 - Free - Test Updates
May 22 19:29:29 DEBUG not found updateinfo for: RPM Fusion for Fedora 23 - Free - Test Updates
May 22 19:29:29 DEBUG repo: using cache for: heikoada-terminix
May 22 19:29:29 DEBUG not found deltainfo for: Copr repo for terminix owned by heikoada
May 22 19:29:29 DEBUG not found updateinfo for: Copr repo for terminix owned by heikoada
May 22 19:29:29 DEBUG repo: using cache for: nodesource
May 22 19:29:29 DEBUG not found deltainfo for: Node.js Packages for Fedora Core 23 - x86_64
May 22 19:29:29 DEBUG not found updateinfo for: Node.js Packages for Fedora Core 23 - x86_64
May 22 19:29:29 DEBUG repo: using cache for: rommon-telegram
May 22 19:29:29 DEBUG not found deltainfo for: Copr repo for telegram owned by rommon
May 22 19:29:29 DEBUG not found updateinfo for: Copr repo for telegram owned by rommon
May 22 19:29:29 DEBUG repo: using cache for: infinality-ultimate
May 22 19:29:29 DEBUG not found deltainfo for: Infinality Ultimate x86_64 packages
May 22 19:29:29 DEBUG not found updateinfo for: Infinality Ultimate x86_64 packages
May 22 19:29:29 DEBUG repo: using cache for: rpmfusion-free
May 22 19:29:29 DEBUG not found deltainfo for: RPM Fusion for Fedora 23 - Free
May 22 19:29:29 DEBUG not found updateinfo for: RPM Fusion for Fedora 23 - Free
May 22 19:29:29 DEBUG repo: using cache for: fedora
May 22 19:29:29 DEBUG not found deltainfo for: Fedora 23 - x86_64
May 22 19:29:29 DEBUG not found updateinfo for: Fedora 23 - x86_64
May 22 19:29:31 DEBUG reviving: failed for 'updates', mismatched sha256 sum.
May 22 19:29:31 DDEBUG repo: downloading from remote: updates, _Handle: metalnk: https://mirrors.fedoraproject.org/metalink?repo=updates-released-f23&arch=x86_64, mlist: None, urls [].
May 22 19:29:33 DEBUG error: Downloading successful, but checksum doesn't match. Calculated: f297f303b5ce405d3ad4f59f36a5800c4425c7f3a7b9010da1230b85b69d99447da9e189ff56b32c04cc2742713c043460bce212dd9da8f87f338d643df4d56e(sha512) f297f303b5ce405d3ad4f59f36a5800c4425c7f3a7b9010da1230b85b69d99447da9e189ff56b32c04cc2742713c043460bce212dd9da8f87f338d643df4d56e(sha512)  Expected: ad11080a6aecc0f76dd970e8c2f793617086c42a16cc6c059b0e244f02f52b3f8138079956464b522410f2729e6ad2d19d61ad2953d166ca52de866e47fa9b71(sha512) b97a880573e3410db0911ae319a95896d55ed2c0af80cb5e56b9ea0db8cc054c4bc2d08e476ee69df5bae551e05d02810a65bc120322e341879e0d773da5671d(sha512)  (http://mirror.smartmedia.net.id/fedora/linux/updates/23/x86_64/repodata/repomd.xml).
May 22 19:29:34 DEBUG error: Status code: 404 for http://mirror.smartmedia.net.id/fedora/linux/updates/23/x86_64/repodata/77581b716614eaf900dc80f88f089b6ad0cde16a7e1025335997366a05b94b83-prestodelta.xml.xz (http://mirror.smartmedia.net.id/fedora/linux/updates/23/x86_64/repodata/77581b716614eaf900dc80f88f089b6ad0cde16a7e1025335997366a05b94b83-prestodelta.xml.xz).
May 22 19:29:34 DEBUG error: Status code: 404 for http://mirror.smartmedia.net.id/fedora/linux/updates/23/x86_64/repodata/58abfc788b93108983bdb6deeafd11f30560a27ed2e5ad298eed0e9f11f6974b-comps-f23.xml.xz (http://mirror.smartmedia.net.id/fedora/linux/updates/23/x86_64/repodata/58abfc788b93108983bdb6deeafd11f30560a27ed2e5ad298eed0e9f11f6974b-comps-f23.xml.xz).
May 22 19:29:34 DEBUG error: Status code: 404 for http://mirror.smartmedia.net.id/fedora/linux/updates/23/x86_64/repodata/7487f5b4dcc5a4acda4f0b2d02dcdaa4d54eb987402014e2a52b22e322a0c94f-filelists.xml.gz (http://mirror.smartmedia.net.id/fedora/linux/updates/23/x86_64/repodata/7487f5b4dcc5a4acda4f0b2d02dcdaa4d54eb987402014e2a52b22e322a0c94f-filelists.xml.gz).
May 22 19:34:15 DEBUG error: Curl error (18): Transferred a partial file for http://fedora.dionipe.web.id/updates/23/x86_64/repodata/7749a5c9d769b792d3cdca69d04cf0dab4695ebac866a7783f52eccdf12ad1e2-primary.xml.gz [transfer closed with 2184509 bytes remaining to read] (http://fedora.dionipe.web.id/updates/23/x86_64/repodata/7749a5c9d769b792d3cdca69d04cf0dab4695ebac866a7783f52eccdf12ad1e2-primary.xml.gz).
May 22 19:34:20 DEBUG error: Status code: 404 for http://mirror.smartmedia.net.id/fedora/linux/updates/23/x86_64/repodata/7749a5c9d769b792d3cdca69d04cf0dab4695ebac866a7783f52eccdf12ad1e2-primary.xml.gz (http://mirror.smartmedia.net.id/fedora/linux/updates/23/x86_64/repodata/7749a5c9d769b792d3cdca69d04cf0dab4695ebac866a7783f52eccdf12ad1e2-primary.xml.gz).
May 22 19:36:46 DEBUG repo: using cache for: alunux-zeal
May 22 19:36:46 DEBUG not found deltainfo for: Copr repo for zeal owned by alunux
May 22 19:36:46 DEBUG not found updateinfo for: Copr repo for zeal owned by alunux
May 22 19:36:46 DEBUG repo: using cache for: alunux-electric-vlsi
May 22 19:36:46 DEBUG not found deltainfo for: Copr repo for electric-vlsi owned by alunux
May 22 19:36:46 DEBUG not found updateinfo for: Copr repo for electric-vlsi owned by alunux
May 22 19:36:46 DEBUG repo: using cache for: home_Horst3180
May 22 19:36:46 DEBUG not found deltainfo for: Horst3180's Home Project (Fedora_23)
May 22 19:36:46 DEBUG not found updateinfo for: Horst3180's Home Project (Fedora_23)
May 22 19:36:46 DEBUG repo: using cache for: dyskette-gnome-320-i386
May 22 19:36:46 DEBUG not found deltainfo for: Copr repo for gnome-320 owned by dyskette i386
May 22 19:36:46 DEBUG not found updateinfo for: Copr repo for gnome-320 owned by dyskette i386
May 22 19:36:46 DEBUG repo: using cache for: rpmfusion-nonfree-updates-testing
May 22 19:36:46 DEBUG not found deltainfo for: RPM Fusion for Fedora 23 - Nonfree - Test Updates
May 22 19:36:46 DEBUG not found updateinfo for: RPM Fusion for Fedora 23 - Nonfree - Test Updates
May 22 19:36:46 DEBUG repo: using cache for: virtualbox
May 22 19:36:46 DEBUG not found deltainfo for: Fedora 23 - x86_64 - VirtualBox
May 22 19:36:46 DEBUG not found updateinfo for: Fedora 23 - x86_64 - VirtualBox
May 22 19:36:46 DDEBUG repo: downloading from remote: insync, _Handle: metalnk: None, mlist: None, urls ['http://yum.insynchq.com/fedora/23/'].
May 22 19:36:55 DEBUG not found deltainfo for: insync repo
May 22 19:36:55 DEBUG not found updateinfo for: insync repo
May 22 19:36:55 DEBUG repo: using cache for: rpmfusion-nonfree
May 22 19:36:55 DEBUG not found deltainfo for: RPM Fusion for Fedora 23 - Nonfree
May 22 19:36:55 DEBUG not found updateinfo for: RPM Fusion for Fedora 23 - Nonfree
May 22 19:36:55 DEBUG repo: using cache for: churchyard-chromium-russianfedora
May 22 19:36:55 DEBUG not found deltainfo for: Copr repo for chromium-russianfedora owned by churchyard
May 22 19:36:55 DEBUG not found updateinfo for: Copr repo for chromium-russianfedora owned by churchyard
May 22 19:36:55 DEBUG repo: using cache for: dyskette-gnome-320-x86_64
May 22 19:36:55 DEBUG not found deltainfo for: Copr repo for gnome-320 owned by dyskette x86_64
May 22 19:36:55 DEBUG not found updateinfo for: Copr repo for gnome-320 owned by dyskette x86_64
May 22 19:36:55 DDEBUG timer: sack setup: 447805 ms
May 22 19:36:55 DEBUG infinality-ultimate-noarch: using metadata from Sat Apr  2 00:19:51 2016.
May 22 19:36:55 DEBUG rpmfusion-free-updates-testing: using metadata from Wed May 11 09:49:16 2016.
May 22 19:36:55 DEBUG heikoada-terminix: using metadata from Sun May 22 01:43:33 2016.
May 22 19:36:55 DEBUG nodesource: using metadata from Fri May  6 11:25:49 2016.
May 22 19:36:55 DEBUG rommon-telegram: using metadata from Sat Mar 19 03:32:56 2016.
May 22 19:36:55 DEBUG infinality-ultimate: using metadata from Wed Mar 30 23:57:46 2016.
May 22 19:36:55 DEBUG rpmfusion-free: using metadata from Sun Oct 11 23:43:19 2015.
May 22 19:36:55 DEBUG fedora: using metadata from Sun Nov  1 00:34:41 2015.
May 22 19:36:55 DEBUG updates: using metadata from Sun May 22 08:31:30 2016.
May 22 19:36:55 DEBUG alunux-zeal: using metadata from Mon Apr  4 01:38:36 2016.
May 22 19:36:55 DEBUG alunux-electric-vlsi: using metadata from Tue Apr 19 08:33:38 2016.
May 22 19:36:55 DEBUG home_Horst3180: using metadata from Fri Apr  1 03:06:41 2016.
May 22 19:36:55 DEBUG dyskette-gnome-320-i386: using metadata from Wed May  4 02:47:02 2016.
May 22 19:36:55 DEBUG rpmfusion-nonfree-updates-testing: using metadata from Wed May 11 09:55:39 2016.
May 22 19:36:55 DEBUG virtualbox: using metadata from Fri Apr 29 01:06:16 2016.
May 22 19:36:55 DEBUG insync: using metadata from Wed May 18 14:53:34 2016.
May 22 19:36:55 DEBUG rpmfusion-nonfree: using metadata from Sun Oct 11 22:50:38 2015.
May 22 19:36:55 DEBUG churchyard-chromium-russianfedora: using metadata from Thu Apr 21 00:02:40 2016.
May 22 19:36:55 DEBUG dyskette-gnome-320-x86_64: using metadata from Tue May  3 23:21:46 2016.
May 22 19:36:55 INFO Last metadata expiration check: 0:00:04 ago on Sun May 22 19:36:50 2016.
May 22 19:36:55 DEBUG Completion plugin: Generating completion cache...
May 22 19:36:55 DEBUG Completion plugin: Can't write completion cache: attempt to write a readonly database
May 22 19:36:56 SUBDEBUG Call: RPMPayload._end_cb: (<dnf.repo.RPMPayload object at 0x7f999f1e8780>, 1, 'Already downloaded'), {}
May 22 19:36:56 SUBDEBUG Call: RPMPayload._end_cb: (<dnf.repo.RPMPayload object at 0x7f99901abf28>, 1, 'Already downloaded'), {}
May 22 19:36:56 SUBDEBUG Call: RPMPayload._end_cb: (<dnf.repo.RPMPayload object at 0x7f99901abf98>, 1, 'Already downloaded'), {}
May 22 19:36:56 SUBDEBUG Call: RPMPayload._end_cb: (<dnf.repo.RPMPayload object at 0x7f99901abe80>, 1, 'Already downloaded'), {}
May 22 19:36:56 SUBDEBUG Call: RPMPayload._end_cb: (<dnf.repo.RPMPayload object at 0x7f99901b10b8>, 1, 'Already downloaded'), {}
May 22 19:36:56 SUBDEBUG Call: RPMPayload._end_cb: (<dnf.repo.RPMPayload object at 0x7f99901b10f0>, 1, 'Already downloaded'), {}
May 22 19:36:56 SUBDEBUG Call: RPMPayload._end_cb: (<dnf.repo.RPMPayload object at 0x7f99901b1128>, 1, 'Already downloaded'), {}
May 22 19:36:56 SUBDEBUG Call: RPMPayload._end_cb: (<dnf.repo.RPMPayload object at 0x7f99901b1160>, 1, 'Already downloaded'), {}
May 22 19:36:56 SUBDEBUG Call: RPMPayload._end_cb: (<dnf.repo.RPMPayload object at 0x7f99901b1198>, 1, 'Already downloaded'), {}
May 22 19:36:56 SUBDEBUG Call: RPMPayload._end_cb: (<dnf.repo.RPMPayload object at 0x7f99901b11d0>, 1, 'Already downloaded'), {}
May 22 19:36:56 SUBDEBUG Call: RPMPayload._end_cb: (<dnf.repo.RPMPayload object at 0x7f99901b1208>, 1, 'Already downloaded'), {}
May 22 19:36:56 SUBDEBUG Call: RPMPayload._end_cb: (<dnf.repo.RPMPayload object at 0x7f99901b1240>, 1, 'Already downloaded'), {}
May 22 19:36:56 SUBDEBUG Call: RPMPayload._end_cb: (<dnf.repo.RPMPayload object at 0x7f99901b1278>, 1, 'Already downloaded'), {}
May 22 19:36:56 SUBDEBUG Call: RPMPayload._end_cb: (<dnf.repo.RPMPayload object at 0x7f99901b12b0>, 1, 'Already downloaded'), {}
May 22 19:36:56 SUBDEBUG Call: RPMPayload._end_cb: (<dnf.repo.RPMPayload object at 0x7f99901b12e8>, 1, 'Already downloaded'), {}
May 22 19:36:56 SUBDEBUG Call: RPMPayload._end_cb: (<dnf.repo.RPMPayload object at 0x7f99901b1320>, 1, 'Already downloaded'), {}
May 22 19:36:56 SUBDEBUG Call: RPMPayload._end_cb: (<dnf.repo.RPMPayload object at 0x7f99901b1358>, 1, 'Already downloaded'), {}
May 22 19:36:56 SUBDEBUG Call: RPMPayload._end_cb: (<dnf.repo.RPMPayload object at 0x7f99901b1390>, 1, 'Already downloaded'), {}
May 22 19:36:56 SUBDEBUG Call: RPMPayload._end_cb: (<dnf.repo.RPMPayload object at 0x7f99901b13c8>, 1, 'Already downloaded'), {}
May 22 19:36:56 SUBDEBUG Call: RPMPayload._end_cb: (<dnf.repo.RPMPayload object at 0x7f99901b1400>, 1, 'Already downloaded'), {}
May 22 19:36:56 SUBDEBUG Call: RPMPayload._end_cb: (<dnf.repo.RPMPayload object at 0x7f99901b1438>, 1, 'Already downloaded'), {}
May 22 19:36:56 SUBDEBUG Call: RPMPayload._end_cb: (<dnf.repo.RPMPayload object at 0x7f99901b1470>, 1, 'Already downloaded'), {}
May 22 19:36:56 SUBDEBUG Call: RPMPayload._end_cb: (<dnf.repo.RPMPayload object at 0x7f99901b14a8>, 1, 'Already downloaded'), {}
May 22 19:36:56 SUBDEBUG Call: RPMPayload._end_cb: (<dnf.repo.RPMPayload object at 0x7f99901b14e0>, 1, 'Already downloaded'), {}
May 22 19:36:56 SUBDEBUG Call: RPMPayload._end_cb: (<dnf.repo.RPMPayload object at 0x7f99901b1518>, 1, 'Already downloaded'), {}
May 22 19:36:56 SUBDEBUG Call: RPMPayload._end_cb: (<dnf.repo.RPMPayload object at 0x7f99901b1550>, 1, 'Already downloaded'), {}
May 22 19:36:56 SUBDEBUG Call: RPMPayload._end_cb: (<dnf.repo.RPMPayload object at 0x7f99901b1588>, 1, 'Already downloaded'), {}
May 22 19:36:56 SUBDEBUG Call: RPMPayload._end_cb: (<dnf.repo.RPMPayload object at 0x7f99901b15c0>, 1, 'Already downloaded'), {}
May 22 19:36:56 SUBDEBUG Call: RPMPayload._end_cb: (<dnf.repo.RPMPayload object at 0x7f99901b15f8>, 1, 'Already downloaded'), {}
May 22 19:36:56 SUBDEBUG Call: RPMPayload._end_cb: (<dnf.repo.RPMPayload object at 0x7f99901b1630>, 1, 'Already downloaded'), {}
May 22 19:36:56 SUBDEBUG Call: RPMPayload._end_cb: (<dnf.repo.RPMPayload object at 0x7f99901b1668>, 1, 'Already downloaded'), {}
May 22 19:36:56 SUBDEBUG Call: RPMPayload._end_cb: (<dnf.repo.RPMPayload object at 0x7f99901b16a0>, 1, 'Already downloaded'), {}
May 22 19:36:56 SUBDEBUG Call: RPMPayload._end_cb: (<dnf.repo.RPMPayload object at 0x7f99901b16d8>, 1, 'Already downloaded'), {}
May 22 19:36:56 SUBDEBUG Call: RPMPayload._end_cb: (<dnf.repo.RPMPayload object at 0x7f99901b1710>, 1, 'Already downloaded'), {}
May 22 19:36:56 SUBDEBUG Call: RPMPayload._end_cb: (<dnf.repo.RPMPayload object at 0x7f99901b1748>, 1, 'Already downloaded'), {}
May 22 19:36:56 SUBDEBUG Call: RPMPayload._end_cb: (<dnf.repo.RPMPayload object at 0x7f99901b1780>, 1, 'Already downloaded'), {}
May 22 19:36:56 SUBDEBUG Call: RPMPayload._end_cb: (<dnf.repo.RPMPayload object at 0x7f99901b17b8>, 1, 'Already downloaded'), {}
May 22 19:36:56 SUBDEBUG Call: RPMPayload._end_cb: (<dnf.repo.RPMPayload object at 0x7f99901b17f0>, 1, 'Already downloaded'), {}
May 22 19:36:56 SUBDEBUG Call: RPMPayload._end_cb: (<dnf.repo.RPMPayload object at 0x7f99901b1828>, 1, 'Already downloaded'), {}
May 22 19:36:56 SUBDEBUG Call: RPMPayload._end_cb: (<dnf.repo.RPMPayload object at 0x7f99901b1860>, 1, 'Already downloaded'), {}
May 22 19:36:56 SUBDEBUG Call: RPMPayload._end_cb: (<dnf.repo.RPMPayload object at 0x7f99901b1898>, 1, 'Already downloaded'), {}
May 22 19:36:56 SUBDEBUG Call: RPMPayload._end_cb: (<dnf.repo.RPMPayload object at 0x7f99901b18d0>, 1, 'Already downloaded'), {}
May 22 19:36:56 SUBDEBUG Call: RPMPayload._end_cb: (<dnf.repo.RPMPayload object at 0x7f99901b1908>, 1, 'Already downloaded'), {}
May 22 19:36:56 SUBDEBUG Call: RPMPayload._end_cb: (<dnf.repo.RPMPayload object at 0x7f99901b1940>, 1, 'Already downloaded'), {}
May 22 19:36:56 SUBDEBUG Call: RPMPayload._end_cb: (<dnf.repo.RPMPayload object at 0x7f99901b1978>, 1, 'Already downloaded'), {}
May 22 19:36:56 SUBDEBUG Call: RPMPayload._end_cb: (<dnf.repo.RPMPayload object at 0x7f99901b19b0>, 1, 'Already downloaded'), {}
May 22 19:36:56 SUBDEBUG Call: RPMPayload._end_cb: (<dnf.repo.RPMPayload object at 0x7f99901b19e8>, 1, 'Already downloaded'), {}
May 22 19:36:56 SUBDEBUG Call: RPMPayload._end_cb: (<dnf.repo.RPMPayload object at 0x7f99901b1a20>, 1, 'Already downloaded'), {}
May 22 19:36:56 DDEBUG Cleaning up.
